[2015-05-04 16:49:51] START
[2015-05-04 16:50:33] EDIT medboard_v2b/models/db.py: 12
[2015-05-04 16:50:41] CREATE db1.py: 0
[2015-05-04 16:50:47] EDIT medboard_v2b/models/db1.py: 71
[2015-05-04 16:50:55] CREATE PLANS.py: 0
[2015-05-04 16:51:00] EDIT medboard_v2b/models/PLANS.py: 0
[2015-05-04 16:51:59] EDIT medboard_v2b/controllers/default.py: 597
[2015-05-04 16:52:30] CREATE default/browse.html: 0
[2015-05-04 16:52:51] EDIT medboard_v2b/views/default/browse.html: 9
[2015-05-04 16:55:44] EDIT medboard_v2b/views/layout.html: 13
[2015-05-04 16:56:39] CREATE default/cancel_repeating_session.html: 0
[2015-05-04 16:56:42] EDIT medboard_v2b/views/default/cancel_repeating_session.html: 5
[2015-05-04 16:56:55] CREATE default/edit_session.html: 0
[2015-05-04 16:56:57] EDIT medboard_v2b/views/default/edit_session.html: 0
[2015-05-04 16:57:10] CREATE default/feedback.html: 0
[2015-05-04 16:57:12] EDIT medboard_v2b/views/default/feedback.html: 17
[2015-05-04 16:57:34] EDIT medboard_v2b/views/default/index.html: -33
[2015-05-04 16:57:48] CREATE default/my_sessions.html: 0
[2015-05-04 16:57:51] EDIT medboard_v2b/views/default/my_sessions.html: 8
[2015-05-04 16:58:12] CREATE default/new_repeating_session.html: 0
[2015-05-04 16:58:14] EDIT medboard_v2b/views/default/new_repeating_session.html: 8
[2015-05-04 16:58:26] CREATE default/new_repeating_session_dates.html: 0
[2015-05-04 16:58:28] EDIT medboard_v2b/views/default/new_repeating_session_dates.html: 11
[2015-05-04 16:58:56] CREATE default/new_session.html: 0
[2015-05-04 16:58:58] EDIT medboard_v2b/views/default/new_session.html: 7
[2015-05-04 16:59:16] CREATE default/quit_session.html: 0
[2015-05-04 16:59:19] EDIT medboard_v2b/views/default/quit_session.html: 5
[2015-05-04 16:59:45] CREATE default/sign_up.html: 0
[2015-05-04 16:59:47] EDIT medboard_v2b/views/default/sign_up.html: 0
[2015-05-04 17:00:10] CREATE default/view_session.html: 0
[2015-05-04 17:00:12] EDIT medboard_v2b/views/default/view_session.html: 6
[2015-05-04 17:26:32] EDIT medboard_v2b/views/web2py_ajax.html: 0
[2015-05-04 17:26:43] EDIT medboard_v2b/views/web2py_ajax.html: 0
[2015-05-04 17:27:59] EDIT medboard_v2b/models/db1.py: 0
[2015-05-04 17:28:14] EDIT medboard_v2b/models/db1.py: 0
[2015-05-04 17:29:10] EDIT medboard_v2b/models/db1.py: 0
[2015-05-04 17:29:17] EDIT medboard_v2b/models/db1.py: 0
[2015-05-04 17:34:41] EDIT medboard_v2b/controllers/default.py: 0
[2015-05-04 17:34:57] EDIT medboard_v2b/controllers/default.py: -1
[2015-05-04 17:37:10] EDIT medboard_v2b/models/db1.py: 0
[2015-05-04 17:37:16] EDIT medboard_v2b/models/db1.py: 0
[2015-05-04 17:39:58] EDIT medboard_v2b/controllers/default.py: 1
[2015-05-04 17:40:12] EDIT medboard_v2b/controllers/default.py: -1
[2015-05-04 17:40:40] EDIT medboard_v2b/controllers/default.py: 1
[2015-05-04 17:41:24] EDIT medboard_v2b/controllers/default.py: -1
[2015-05-04 17:43:49] EDIT medboard_v2b/views/default/browse.html: 2
[2015-05-04 17:43:59] EDIT medboard_v2b/views/default/browse.html: 0
[2015-05-04 17:44:35] EDIT medboard_v2b/controllers/default.py: 0
[2015-05-04 17:44:39] EDIT medboard_v2b/controllers/default.py: 1
[2015-05-04 17:45:17] EDIT medboard_v2b/views/default/browse.html: -2
[2015-05-04 17:53:40] EDIT medboard_v2b/controllers/default.py: 1
[2015-05-04 17:53:47] EDIT medboard_v2b/controllers/default.py: -1
[2015-05-04 17:55:04] EDIT medboard_v2b/views/default/my_sessions.html: 5
[2015-05-04 17:55:10] EDIT medboard_v2b/views/default/my_sessions.html: 0
[2015-05-04 17:55:27] EDIT medboard_v2b/controllers/default.py: 0
[2015-05-04 17:55:53] EDIT medboard_v2b/controllers/default.py: 0
[2015-05-04 17:56:13] EDIT medboard_v2b/views/default/my_sessions.html: 3
[2015-05-04 17:57:19] EDIT medboard_v2b/views/default/my_sessions.html: 5
[2015-05-04 17:58:10] EDIT medboard_v2b/views/default/my_sessions.html: 6
[2015-05-04 17:58:13] EDIT medboard_v2b/views/default/my_sessions.html: -2
[2015-05-04 18:14:38] EDIT medboard_v2b/views/default/view_session.html: 0
[2015-05-04 18:14:45] EDIT medboard_v2b/views/default/view_session.html: 1
[2015-05-04 18:14:51] EDIT medboard_v2b/views/default/view_session.html: 1
[2015-05-04 18:15:40] EDIT medboard_v2b/views/default/view_session.html: 2
[2015-05-04 18:17:51] EDIT medboard_v2b/views/default/view_session.html: 0
[2015-05-04 18:18:05] EDIT medboard_v2b/views/default/view_session.html: 1
[2015-05-04 18:18:18] EDIT medboard_v2b/views/default/view_session.html: 0
[2015-05-04 18:18:41] EDIT medboard_v2b/views/default/view_session.html: 0
[2015-05-04 18:18:54] EDIT medboard_v2b/views/default/view_session.html: 0
[2015-05-04 18:20:34] EDIT medboard_v2b/views/default/view_session.html: 2
[2015-05-04 18:20:45] EDIT medboard_v2b/views/default/view_session.html: 0
[2015-05-04 18:22:45] EDIT medboard_v2b/views/default/my_sessions.html: 0
[2015-05-04 18:22:56] EDIT medboard_v2b/views/default/my_sessions.html: 3
[2015-05-04 18:23:21] EDIT medboard_v2b/views/default/my_sessions.html: 3
[2015-05-04 18:24:51] EDIT medboard_v2b/views/default/my_sessions.html: -1
[2015-05-04 18:25:42] EDIT medboard_v2b/views/default/my_sessions.html: -2
[2015-05-04 18:25:47] EDIT medboard_v2b/views/default/my_sessions.html: 0
[2015-05-04 18:26:00] EDIT medboard_v2b/views/default/my_sessions.html: -2
[2015-05-04 18:26:12] EDIT medboard_v2b/views/default/my_sessions.html: -1
[2015-05-04 18:26:26] EDIT medboard_v2b/views/default/my_sessions.html: 3
[2015-05-04 18:26:33] EDIT medboard_v2b/views/default/my_sessions.html: 3
[2015-05-04 18:26:58] EDIT medboard_v2b/views/default/my_sessions.html: 0
[2015-05-04 18:27:03] EDIT medboard_v2b/views/default/my_sessions.html: 0
[2015-05-04 18:27:12] EDIT medboard_v2b/views/default/my_sessions.html: 0
[2015-05-04 18:27:26] EDIT medboard_v2b/views/default/my_sessions.html: 0
[2015-05-04 18:27:39] EDIT medboard_v2b/views/default/my_sessions.html: 0
[2015-05-04 18:28:26] EDIT medboard_v2b/views/default/my_sessions.html: -3
[2015-05-04 18:28:36] EDIT medboard_v2b/views/default/my_sessions.html: 0
[2015-05-04 18:28:52] EDIT medboard_v2b/views/default/my_sessions.html: 3
[2015-05-04 18:28:58] EDIT medboard_v2b/views/default/my_sessions.html: 0
[2015-05-04 18:31:52] EDIT medboard_v2b/controllers/default.py: 0
[2015-05-04 18:32:24] EDIT medboard_v2b/models/db.py: 0
[2015-05-04 18:39:02] EDIT medboard_v2b/controllers/default.py: 0
[2015-05-04 18:39:08] EDIT medboard_v2b/views/default/browse.html: 0
[2015-05-04 18:39:24] EDIT medboard_v2b/controllers/default.py: 1
[2015-05-04 18:44:05] EDIT medboard_v2b/controllers/default.py: 0
[2015-05-04 18:44:11] EDIT medboard_v2b/controllers/default.py: -1
[2015-05-04 18:44:29] EDIT medboard_v2b/views/default/browse.html: 0
[2015-05-04 18:44:44] EDIT medboard_v2b/views/default/browse.html: 1
[2015-05-04 18:44:49] EDIT medboard_v2b/views/default/browse.html: 0
[2015-05-04 18:45:01] EDIT medboard_v2b/views/default/browse.html: 0
[2015-05-04 18:46:38] EDIT medboard_v2b/views/default/browse.html: 2
[2015-05-04 18:46:48] EDIT medboard_v2b/views/default/browse.html: 0
[2015-05-04 18:47:03] EDIT medboard_v2b/views/default/browse.html: 0
[2015-05-04 18:47:21] EDIT medboard_v2b/views/default/browse.html: 0
[2015-05-04 18:47:52] EDIT medboard_v2b/views/default/browse.html: 0
[2015-05-04 18:48:06] EDIT medboard_v2b/views/default/browse.html: 0
[2015-05-04 18:48:15] EDIT medboard_v2b/views/default/browse.html: 0
[2015-05-04 18:48:25] EDIT medboard_v2b/views/default/browse.html: -1
[2015-05-04 18:48:46] EDIT medboard_v2b/views/default/browse.html: 0
[2015-05-04 18:48:49] EDIT medboard_v2b/views/default/browse.html: 0
[2015-05-04 18:52:19] EDIT medboard_v2b/controllers/default.py: 2
[2015-05-04 18:52:32] EDIT medboard_v2b/controllers/default.py: 1
[2015-05-04 18:53:13] EDIT medboard_v2b/controllers/default.py: 0
[2015-05-04 19:57:00] EDIT medboard_v2b/models/menu.py: 0
[2015-05-04 19:57:35] EDIT medboard_v2b/models/menu.py: 0
[2015-05-04 19:57:47] EDIT medboard_v2b/models/menu.py: 0
[2015-05-04 19:58:01] EDIT medboard_v2b/models/menu.py: 0
[2015-05-04 19:58:31] EDIT medboard_v2b/models/menu.py: 2
[2015-05-04 19:58:39] EDIT medboard_v2b/models/menu.py: 0
[2015-05-04 19:59:47] EDIT medboard_v2b/models/menu.py: 0
[2015-05-04 19:59:57] EDIT medboard_v2b/models/menu.py: 0
[2015-05-04 20:00:26] EDIT medboard_v2b/models/menu.py: 1
[2015-05-04 20:00:31] EDIT medboard_v2b/models/menu.py: 0
[2015-05-04 20:00:52] EDIT medboard_v2b/models/menu.py: 3
[2015-05-04 20:01:09] EDIT medboard_v2b/models/menu.py: 0
[2015-05-04 20:01:23] EDIT medboard_v2b/models/menu.py: -6
[2015-05-04 20:02:44] EDIT medboard_v2b/models/menu.py: 4
[2015-05-04 20:03:10] EDIT medboard_v2b/models/menu.py: 0
[2015-05-04 20:05:29] EDIT medboard_v2b/controllers/default.py: 0
[2015-05-04 20:09:04] EDIT medboard_v2b/controllers/default.py: 1
[2015-05-04 20:09:13] EDIT medboard_v2b/controllers/default.py: 0
[2015-05-04 20:09:22] EDIT medboard_v2b/controllers/default.py: 0
[2015-05-04 20:10:09] EDIT medboard_v2b/controllers/default.py: 1
[2015-05-04 20:10:11] EDIT medboard_v2b/controllers/default.py: 0
[2015-05-04 20:10:52] EDIT medboard_v2b/controllers/default.py: 1
[2015-05-04 20:11:01] EDIT medboard_v2b/controllers/default.py: 0
[2015-05-04 20:28:03] EDIT medboard_v2b/controllers/default.py: 0
[2015-05-04 21:56:38] EDIT medboard_v2b/controllers/default.py: 1
[2015-05-04 22:03:40] EDIT medboard_v2b/controllers/default.py: 4
[2015-05-04 22:04:55] EDIT medboard_v2b/controllers/default.py: 2
[2015-05-04 22:06:39] EDIT medboard_v2b/controllers/default.py: 2
[2015-05-04 22:08:52] EDIT medboard_v2b/controllers/default.py: 1
[2015-05-04 22:08:59] EDIT medboard_v2b/controllers/default.py: 0
[2015-05-04 22:09:28] EDIT medboard_v2b/controllers/default.py: 1
[2015-05-04 22:13:40] EDIT medboard_v2b/controllers/default.py: -3
[2015-05-04 22:14:28] EDIT medboard_v2b/controllers/default.py: 0
[2015-05-04 22:24:28] EDIT medboard_v2b/controllers/default.py: 0
[2015-05-04 22:24:56] EDIT medboard_v2b/controllers/default.py: -10
[2015-05-04 22:25:03] EDIT medboard_v2b/controllers/default.py: 0
[2015-05-04 22:25:21] EDIT medboard_v2b/controllers/default.py: 0
[2015-05-04 22:25:25] EDIT medboard_v2b/controllers/default.py: 0
[2015-05-04 22:25:31] EDIT medboard_v2b/controllers/default.py: 0
[2015-05-04 22:25:54] EDIT medboard_v2b/controllers/default.py: 0
[2015-05-04 22:28:07] EDIT medboard_v2b/controllers/default.py: 0
[2015-05-04 22:28:12] EDIT medboard_v2b/controllers/default.py: 0
[2015-05-04 22:28:22] EDIT medboard_v2b/controllers/default.py: 0
[2015-05-04 22:30:13] EDIT medboard_v2b/controllers/default.py: 11
[2015-05-04 22:30:16] EDIT medboard_v2b/controllers/default.py: -1
[2015-05-04 22:32:41] EDIT medboard_v2b/controllers/default.py: -10
[2015-05-04 22:33:12] EDIT medboard_v2b/controllers/default.py: 0
[2015-05-04 22:36:43] EDIT medboard_v2b/controllers/default.py: 10
[2015-05-04 22:42:25] EDIT medboard_v2b/controllers/default.py: 2
[2015-05-04 22:42:57] EDIT medboard_v2b/controllers/default.py: 0
[2015-05-04 22:43:44] EDIT medboard_v2b/controllers/default.py: 0
[2015-05-04 22:44:54] EDIT medboard_v2b/views/default/browse.html: 2
[2015-05-04 22:47:28] EDIT medboard_v2b/views/default/browse.html: 10
[2015-05-04 22:47:50] EDIT medboard_v2b/views/default/browse.html: 1
[2015-05-04 22:48:12] EDIT medboard_v2b/views/default/browse.html: 2
[2015-05-04 22:49:17] EDIT medboard_v2b/views/default/browse.html: 2
[2015-05-04 22:49:36] EDIT medboard_v2b/views/default/browse.html: 0
[2015-05-04 22:49:52] EDIT medboard_v2b/views/default/browse.html: 0
[2015-05-04 22:50:04] EDIT medboard_v2b/views/default/browse.html: 0
[2015-05-04 22:50:12] EDIT medboard_v2b/views/default/browse.html: 0
[2015-05-04 22:57:27] EDIT medboard_v2b/views/default/browse.html: 4
[2015-05-04 22:57:56] EDIT medboard_v2b/views/default/browse.html: 1
[2015-05-04 22:58:09] EDIT medboard_v2b/views/default/browse.html: 0
[2015-05-04 22:58:48] EDIT medboard_v2b/views/default/browse.html: 1
[2015-05-04 22:59:06] EDIT medboard_v2b/views/default/browse.html: -4
[2015-05-04 22:59:18] EDIT medboard_v2b/views/default/browse.html: -2
[2015-05-04 22:59:31] EDIT medboard_v2b/views/default/browse.html: 0
[2015-05-04 23:00:07] EDIT medboard_v2b/views/default/browse.html: 2
[2015-05-04 23:00:16] EDIT medboard_v2b/views/default/browse.html: 0
[2015-05-04 23:00:33] EDIT medboard_v2b/views/default/browse.html: -1
[2015-05-04 23:01:37] EDIT medboard_v2b/controllers/default.py: 1
[2015-05-04 23:02:54] EDIT medboard_v2b/controllers/default.py: 3
[2015-05-04 23:02:58] EDIT medboard_v2b/controllers/default.py: 0
[2015-05-04 23:03:01] EDIT medboard_v2b/controllers/default.py: 0
[2015-05-04 23:03:11] EDIT medboard_v2b/views/default/browse.html: 0
[2015-05-04 23:04:07] EDIT medboard_v2b/views/default/browse.html: 0
[2015-05-04 23:08:29] EDIT medboard_v2b/controllers/default.py: 2
[2015-05-04 23:09:55] EDIT medboard_v2b/controllers/default.py: 0
[2015-05-04 23:10:17] EDIT medboard_v2b/controllers/default.py: 0
[2015-05-04 23:10:33] EDIT medboard_v2b/views/default/browse.html: 0
[2015-05-04 23:11:25] EDIT medboard_v2b/views/default/browse.html: 0
[2015-05-04 23:11:29] EDIT medboard_v2b/views/default/browse.html: 0
[2015-05-04 23:11:55] EDIT medboard_v2b/views/default/browse.html: 1
[2015-05-04 23:12:12] EDIT medboard_v2b/views/default/browse.html: 1
[2015-05-04 23:13:41] EDIT medboard_v2b/views/default/browse.html: 1
[2015-05-04 23:13:45] EDIT medboard_v2b/views/default/browse.html: -1
[2015-05-04 23:13:55] EDIT medboard_v2b/views/default/browse.html: 0
[2015-05-04 23:14:45] EDIT medboard_v2b/views/default/browse.html: 0
[2015-05-04 23:18:45] EDIT medboard_v2b/controllers/default.py: 1
[2015-05-04 23:21:39] EDIT medboard_v2b/controllers/default.py: 0
[2015-05-04 23:22:09] EDIT medboard_v2b/views/default/browse.html: 0
[2015-05-04 23:23:42] EDIT medboard_v2b/controllers/default.py: 3
[2015-05-04 23:24:01] EDIT medboard_v2b/controllers/default.py: 0
[2015-05-04 23:24:45] EDIT medboard_v2b/controllers/default.py: 0
[2015-05-04 23:25:39] EDIT medboard_v2b/controllers/default.py: 2
[2015-05-04 23:25:45] EDIT medboard_v2b/controllers/default.py: -1
[2015-05-04 23:29:45] EDIT medboard_v2b/controllers/default.py: 0
[2015-05-04 23:30:10] EDIT medboard_v2b/controllers/default.py: 0
[2015-05-04 23:36:11] EDIT medboard_v2b/models/db.py: 1
[2015-05-04 23:36:24] EDIT medboard_v2b/models/db.py: 0
[2015-05-04 23:37:37] EDIT medboard_v2b/models/db.py: 0
[2015-05-04 23:37:49] EDIT medboard_v2b/models/db.py: 0
[2015-05-04 23:38:20] EDIT medboard_v2b/controllers/default.py: 1
[2015-05-04 23:40:09] EDIT medboard_v2b/models/db.py: 0
[2015-05-04 23:40:14] EDIT medboard_v2b/models/db.py: 0
[2015-05-04 23:40:44] CREATE default/failed_auth.html: 0
[2015-05-04 23:42:12] EDIT medboard_v2b/views/default/failed_auth.html: 3
[2015-05-04 23:42:22] EDIT medboard_v2b/views/default/failed_auth.html: 0
[2015-05-04 23:42:37] EDIT medboard_v2b/models/db.py: 0
[2015-05-04 23:42:53] EDIT medboard_v2b/models/db.py: 0
[2015-05-04 23:43:17] EDIT medboard_v2b/controllers/default.py: 1
[2015-05-04 23:43:45] EDIT medboard_v2b/views/default/failed_auth.html: 0
[2015-05-04 23:45:01] EDIT medboard_v2b/views/default/failed_auth.html: 4
[2015-05-04 23:45:05] EDIT medboard_v2b/views/default/failed_auth.html: 0
[2015-05-04 23:46:12] EDIT medboard_v2b/views/default/failed_auth.html: 1
[2015-05-04 23:46:19] EDIT medboard_v2b/views/default/failed_auth.html: 0
[2015-05-04 23:47:00] EDIT medboard_v2b/views/default/failed_auth.html: 0
[2015-05-04 23:47:29] EDIT medboard_v2b/views/default/failed_auth.html: 0
[2015-05-04 23:49:28] EDIT medboard_v2b/controllers/default.py: 6
[2015-05-04 23:49:44] EDIT medboard_v2b/controllers/default.py: 1
[2015-05-04 23:50:02] CREATE default/access_key.html: 0
[2015-05-04 23:50:25] EDIT medboard_v2b/controllers/default.py: 1
[2015-05-04 23:50:44] EDIT medboard_v2b/views/default/access_key.html: 0
[2015-05-04 23:50:49] EDIT medboard_v2b/views/default/access_key.html: 0
[2015-05-04 23:52:39] EDIT medboard_v2b/controllers/default.py: 1
[2015-05-04 23:54:49] EDIT medboard_v2b/controllers/default.py: 3
[2015-05-04 23:55:26] EDIT medboard_v2b/controllers/default.py: 2
[2015-05-04 23:56:51] EDIT medboard_v2b/controllers/default.py: 2
[2015-05-04 23:59:55] EDIT medboard_v2b/models/db1.py: 0
[2015-05-05 00:00:35] EDIT medboard_v2b/views/default/index.html: 1
[2015-05-05 00:00:39] EDIT medboard_v2b/views/default/index.html: 1
[2015-05-05 00:00:52] EDIT medboard_v2b/views/default/index.html: 3
[2015-05-05 00:01:12] EDIT medboard_v2b/views/default/index.html: 3
[2015-05-05 00:02:13] EDIT medboard_v2b/views/default/index.html: 4
[2015-05-05 00:02:33] EDIT medboard_v2b/views/default/index.html: 0
[2015-05-07 11:26:26] EDIT medboard_v2b/views/default/index.html: 0
[2015-05-07 11:30:05] EDIT medboard_v2b/views/default/index.html: -2
[2015-05-07 11:30:50] EDIT medboard_v2b/views/default/index.html: 3
[2015-05-07 11:30:55] EDIT medboard_v2b/views/default/index.html: 1
[2015-05-07 11:30:59] EDIT medboard_v2b/views/default/index.html: -1
[2015-05-07 11:31:23] EDIT medboard_v2b/views/default/index.html: 3
[2015-05-07 11:31:29] EDIT medboard_v2b/views/default/index.html: 0
[2015-05-07 11:32:46] EDIT medboard_v2b/views/layout.html: 0
[2015-05-07 11:34:28] EDIT medboard_v2b/views/default/index.html: -9
[2015-05-07 11:34:54] EDIT medboard_v2b/views/default/index.html: 2
[2015-05-07 11:35:16] EDIT medboard_v2b/views/default/index.html: 2
[2015-05-07 11:35:35] EDIT medboard_v2b/views/default/index.html: 0
[2015-05-07 11:35:44] EDIT medboard_v2b/views/default/index.html: 0
[2015-05-07 11:35:48] EDIT medboard_v2b/views/default/index.html: 0
[2015-05-07 11:36:23] EDIT medboard_v2b/views/default/index.html: 0
[2015-05-07 11:37:23] EDIT medboard_v2b/views/default/index.html: 0
[2015-05-07 11:37:26] EDIT medboard_v2b/views/default/index.html: 0
[2015-05-07 11:37:34] EDIT medboard_v2b/views/default/index.html: 0
[2015-05-07 11:37:45] EDIT medboard_v2b/views/default/index.html: 0
[2015-05-07 11:37:53] EDIT medboard_v2b/views/default/index.html: 0
[2015-05-07 11:37:58] EDIT medboard_v2b/views/default/index.html: 0
[2015-05-07 11:38:02] EDIT medboard_v2b/views/default/index.html: 0
[2015-05-07 17:02:05] EDIT medboard_v2b/views/default/browse.html: 0
[2015-05-07 17:02:18] EDIT medboard_v2b/views/default/browse.html: 0
[2015-05-07 17:02:25] EDIT medboard_v2b/views/default/browse.html: 0
[2015-05-07 17:02:45] EDIT medboard_v2b/views/default/browse.html: 0
[2015-05-07 17:03:24] EDIT medboard_v2b/views/default/browse.html: 0
[2015-05-07 17:03:24] EDIT medboard_v2b/views/default/browse.html: 0
[2015-05-07 17:03:42] EDIT medboard_v2b/views/default/browse.html: 0
[2015-05-07 17:03:55] EDIT medboard_v2b/views/default/browse.html: -1
[2015-05-07 17:08:34] EDIT medboard_v2b/views/default/index.html: 6
[2015-05-07 17:09:39] EDIT medboard_v2b/views/default/index.html: -4
[2015-05-07 17:11:22] EDIT medboard_v2b/views/default/index.html: 11
[2015-05-07 17:11:47] EDIT medboard_v2b/views/default/index.html: 9
[2015-05-07 17:11:48] EDIT medboard_v2b/views/default/index.html: 0
[2015-05-07 17:11:55] EDIT medboard_v2b/views/default/index.html: -1
[2015-05-07 17:13:26] EDIT medboard_v2b/views/default/index.html: 0
[2015-05-07 17:16:21] CREATE css/custom_medboard.css: 0
[2015-05-07 17:17:31] EDIT medboard_v2b/static/css/custom_medboard.css: 2
[2015-05-07 17:18:33] EDIT medboard_v2b/views/layout.html: 1
[2015-05-07 17:18:49] EDIT medboard_v2b/views/default/index.html: 0
[2015-05-07 17:18:50] EDIT medboard_v2b/views/default/index.html: 0
[2015-05-07 17:19:22] EDIT medboard_v2b/static/css/custom_medboard.css: 0
[2015-05-07 17:20:03] EDIT medboard_v2b/static/css/custom_medboard.css: 1
[2015-05-07 17:20:10] EDIT medboard_v2b/views/layout.html: 0
[2015-05-07 17:20:29] EDIT medboard_v2b/views/default/index.html: 0
[2015-05-07 17:21:26] EDIT medboard_v2b/static/css/custom_medboard.css: 0
[2015-05-07 17:21:42] EDIT medboard_v2b/static/css/custom_medboard.css: 2
[2015-05-07 17:22:03] EDIT medboard_v2b/views/default/index.html: 0
[2015-05-07 17:22:11] EDIT medboard_v2b/views/default/index.html: 0
[2015-05-07 17:22:57] EDIT medboard_v2b/views/default/index.html: 0
[2015-05-07 17:23:14] EDIT medboard_v2b/views/default/index.html: 0
[2015-05-07 17:23:19] EDIT medboard_v2b/views/default/index.html: 0
[2015-05-07 17:23:29] EDIT medboard_v2b/views/default/index.html: 0
[2015-05-07 17:23:32] EDIT medboard_v2b/views/default/index.html: 0
[2015-05-07 17:23:38] EDIT medboard_v2b/views/default/index.html: 0
[2015-05-07 17:24:10] EDIT medboard_v2b/static/css/custom_medboard.css: 4
[2015-05-07 17:24:17] EDIT medboard_v2b/static/css/custom_medboard.css: 0
[2015-05-07 17:24:39] EDIT medboard_v2b/views/default/index.html: 0
[2015-05-07 17:24:48] EDIT medboard_v2b/views/default/index.html: 0
[2015-05-07 17:24:53] EDIT medboard_v2b/views/default/index.html: 0
[2015-05-07 17:25:35] EDIT medboard_v2b/static/css/custom_medboard.css: 3
[2015-05-07 17:26:11] EDIT medboard_v2b/static/css/custom_medboard.css: 1
[2015-05-07 17:26:24] EDIT medboard_v2b/views/default/index.html: 0
[2015-05-07 17:26:31] EDIT medboard_v2b/views/default/index.html: 0
[2015-05-07 17:26:42] EDIT medboard_v2b/static/css/custom_medboard.css: -1
[2015-05-07 17:27:01] EDIT medboard_v2b/static/css/custom_medboard.css: -2
[2015-05-07 17:27:06] EDIT medboard_v2b/static/css/custom_medboard.css: 0
[2015-05-07 17:28:51] EDIT medboard_v2b/static/css/custom_medboard.css: 1
[2015-05-07 17:29:19] EDIT medboard_v2b/static/css/custom_medboard.css: 0
[2015-05-07 17:29:28] EDIT medboard_v2b/static/css/custom_medboard.css: -1
[2015-05-07 17:29:37] EDIT medboard_v2b/static/css/custom_medboard.css: -3
[2015-05-07 17:30:03] EDIT medboard_v2b/views/default/index.html: 0
[2015-05-07 17:30:17] EDIT medboard_v2b/static/css/custom_medboard.css: 1
[2015-05-07 17:30:18] EDIT medboard_v2b/static/css/custom_medboard.css: 0
[2015-05-07 17:30:24] EDIT medboard_v2b/static/css/custom_medboard.css: 0
[2015-05-07 17:31:02] EDIT medboard_v2b/static/css/custom_medboard.css: 0
[2015-05-07 17:31:10] EDIT medboard_v2b/static/css/custom_medboard.css: 0
[2015-05-07 17:31:46] EDIT medboard_v2b/static/css/custom_medboard.css: 0
[2015-05-07 17:31:53] EDIT medboard_v2b/static/css/custom_medboard.css: 0
[2015-05-07 17:32:42] EDIT medboard_v2b/static/css/custom_medboard.css: 1
[2015-05-07 17:33:16] EDIT medboard_v2b/static/css/custom_medboard.css: 1
[2015-05-07 17:33:52] EDIT medboard_v2b/static/css/custom_medboard.css: 0
[2015-05-07 17:34:29] EDIT medboard_v2b/static/css/custom_medboard.css: 0
[2015-05-07 17:34:45] EDIT medboard_v2b/static/css/custom_medboard.css: 1
[2015-05-07 17:34:50] EDIT medboard_v2b/static/css/custom_medboard.css: 0
[2015-05-07 17:35:16] EDIT medboard_v2b/views/default/index.html: 0
[2015-05-07 17:35:19] EDIT medboard_v2b/views/default/index.html: -1
[2015-05-07 17:36:56] EDIT medboard_v2b/static/css/custom_medboard.css: -3
[2015-05-07 17:37:08] EDIT medboard_v2b/views/default/index.html: 0
[2015-05-07 17:38:13] EDIT medboard_v2b/views/default/index.html: 0
[2015-05-07 17:40:30] EDIT medboard_v2b/static/css/custom_medboard.css: 3
[2015-05-07 17:43:45] EDIT medboard_v2b/static/css/custom_medboard.css: 4
[2015-05-07 17:44:09] EDIT medboard_v2b/static/css/custom_medboard.css: 3
[2015-05-07 17:44:43] EDIT medboard_v2b/static/css/custom_medboard.css: 3
[2015-05-07 17:46:46] EDIT medboard_v2b/static/css/custom_medboard.css: 3
[2015-05-07 17:47:00] EDIT medboard_v2b/static/css/custom_medboard.css: -4
[2015-05-07 17:47:56] EDIT medboard_v2b/views/default/index.html: 0
[2015-05-07 17:49:05] EDIT medboard_v2b/static/css/custom_medboard.css: -22
[2015-05-07 17:49:09] EDIT medboard_v2b/static/css/custom_medboard.css: 0
[2015-05-07 17:49:13] EDIT medboard_v2b/static/css/custom_medboard.css: 0
[2015-05-07 17:50:52] EDIT medboard_v2b/static/css/custom_medboard.css: 2
[2015-05-07 17:51:04] EDIT medboard_v2b/static/css/custom_medboard.css: 1
[2015-05-07 17:52:56] EDIT medboard_v2b/views/default/index.html: 1
[2015-05-07 17:53:11] EDIT medboard_v2b/views/default/index.html: 1
[2015-05-07 17:53:28] EDIT medboard_v2b/views/default/index.html: 2
[2015-05-07 17:56:19] EDIT medboard_v2b/views/default/index.html: 0
[2015-05-07 17:56:22] EDIT medboard_v2b/views/default/index.html: 0
[2015-05-07 17:56:31] EDIT medboard_v2b/static/css/custom_medboard.css: 0
[2015-05-07 17:57:40] EDIT medboard_v2b/static/css/custom_medboard.css: 0
[2015-05-07 17:57:41] EDIT medboard_v2b/static/css/custom_medboard.css: -1
[2015-05-07 18:00:11] EDIT medboard_v2b/views/default/index.html: -1
[2015-05-07 18:00:17] EDIT medboard_v2b/views/default/index.html: 4
[2015-05-07 18:00:26] EDIT medboard_v2b/views/default/index.html: 0
[2015-05-07 18:02:10] EDIT medboard_v2b/views/default/index.html: 0
[2015-05-07 18:02:45] EDIT medboard_v2b/views/default/index.html: -1
[2015-05-07 18:28:08] EDIT medboard_v2b/views/default/index.html: 5
[2015-05-07 18:28:32] EDIT medboard_v2b/views/default/index.html: 2
[2015-05-07 18:29:08] EDIT medboard_v2b/views/default/index.html: 0
[2015-05-07 18:29:37] EDIT medboard_v2b/views/default/index.html: 3
[2015-05-07 18:29:50] EDIT medboard_v2b/views/default/index.html: -1
[2015-05-07 18:30:13] EDIT medboard_v2b/views/default/index.html: 0
[2015-05-07 18:30:33] EDIT medboard_v2b/views/default/index.html: 0
[2015-05-07 18:30:42] EDIT medboard_v2b/views/default/index.html: 1
[2015-05-07 18:30:46] EDIT medboard_v2b/views/default/index.html: 0
[2015-05-07 18:30:52] EDIT medboard_v2b/views/default/index.html: -1
[2015-05-07 18:30:55] EDIT medboard_v2b/views/default/index.html: 1
[2015-05-07 18:31:00] EDIT medboard_v2b/views/default/index.html: 0
[2015-05-07 18:31:02] EDIT medboard_v2b/views/default/index.html: 0
[2015-05-07 18:31:57] EDIT medboard_v2b/views/default/index.html: 0
[2015-05-07 18:32:33] EDIT medboard_v2b/views/default/index.html: 0
[2015-05-07 18:33:48] EDIT medboard_v2b/views/default/index.html: 10
[2015-05-07 18:34:16] EDIT medboard_v2b/views/default/index.html: 0
[2015-05-07 18:34:36] EDIT medboard_v2b/static/css/custom_medboard.css: 1
[2015-05-07 18:34:49] EDIT medboard_v2b/static/css/custom_medboard.css: 0
[2015-05-07 18:34:54] EDIT medboard_v2b/static/css/custom_medboard.css: 0
[2015-05-07 18:35:14] EDIT medboard_v2b/static/css/custom_medboard.css: 0
[2015-05-07 18:35:47] EDIT medboard_v2b/views/default/index.html: 0
[2015-05-07 18:36:08] EDIT medboard_v2b/views/default/index.html: 0
[2015-05-07 18:36:18] EDIT medboard_v2b/views/default/index.html: 0
[2015-05-07 18:36:38] EDIT medboard_v2b/views/default/index.html: 0
[2015-05-07 18:36:44] EDIT medboard_v2b/views/default/index.html: 0
[2015-05-07 18:37:33] EDIT medboard_v2b/views/default/index.html: 0
[2015-05-07 18:38:07] EDIT medboard_v2b/views/default/index.html: -2
[2015-05-07 18:38:16] EDIT medboard_v2b/views/default/index.html: 0
[2015-05-07 18:38:22] EDIT medboard_v2b/views/default/index.html: 0
[2015-05-07 18:40:03] EDIT medboard_v2b/views/default/index.html: 0
[2015-05-07 18:40:22] EDIT medboard_v2b/views/default/index.html: 0
[2015-05-07 18:40:59] EDIT medboard_v2b/views/default/index.html: 0
[2015-05-07 18:41:29] EDIT medboard_v2b/views/default/index.html: -1
[2015-05-07 18:42:00] EDIT medboard_v2b/views/default/index.html: 0
[2015-05-07 18:42:11] EDIT medboard_v2b/views/default/index.html: 0
[2015-05-07 18:42:21] EDIT medboard_v2b/views/default/index.html: 0
[2015-05-07 18:42:35] EDIT medboard_v2b/views/default/index.html: -2
[2015-05-07 18:42:41] EDIT medboard_v2b/views/default/index.html: -1
[2015-05-07 18:42:48] EDIT medboard_v2b/views/default/index.html: 0
[2015-05-07 18:42:53] EDIT medboard_v2b/views/default/index.html: 0
[2015-05-07 18:43:00] EDIT medboard_v2b/views/default/index.html: 0
[2015-05-07 18:45:30] EDIT medboard_v2b/controllers/default.py: 12
[2015-05-07 18:45:49] EDIT medboard_v2b/controllers/default.py: 1
[2015-05-07 18:50:19] EDIT medboard_v2b/views/default/index.html: 0
[2015-05-07 18:58:36] EDIT medboard_v2b/models/db1.py: 0
[2015-05-07 18:58:48] EDIT medboard_v2b/models/db1.py: 0
[2015-05-07 18:58:58] EDIT medboard_v2b/models/db1.py: 0
[2015-05-07 19:03:59] EDIT medboard_v2b/models/db1.py: 0
[2015-05-07 19:08:05] EDIT medboard_v2b/models/db1.py: 0
[2015-05-07 19:16:17] EDIT medboard_v2b/views/default/index.html: 0
[2015-05-07 19:24:18] EDIT medboard_v2b/controllers/default.py: 1
[2015-05-07 19:25:06] EDIT medboard_v2b/controllers/default.py: 1
[2015-05-07 19:25:34] EDIT medboard_v2b/controllers/default.py: 0
[2015-05-07 19:26:41] EDIT medboard_v2b/controllers/default.py: 4
[2015-05-07 19:27:12] EDIT medboard_v2b/controllers/default.py: 0
[2015-05-07 19:29:04] EDIT medboard_v2b/models/db1.py: 0
[2015-05-07 19:30:27] EDIT medboard_v2b/controllers/default.py: 3
[2015-05-07 19:30:32] EDIT medboard_v2b/controllers/default.py: 0
[2015-05-07 19:31:15] EDIT medboard_v2b/controllers/default.py: 0
[2015-05-07 19:32:07] EDIT medboard_v2b/controllers/default.py: 6
[2015-05-07 19:32:38] EDIT medboard_v2b/controllers/default.py: -1
[2015-05-07 19:32:52] EDIT medboard_v2b/controllers/default.py: -1
[2015-05-07 19:41:37] EDIT medboard_v2b/models/db1.py: 1
[2015-05-07 19:44:08] EDIT medboard_v2b/models/db1.py: 0
[2015-05-07 19:44:37] EDIT medboard_v2b/models/db1.py: 0
[2015-05-07 19:45:12] EDIT medboard_v2b/controllers/default.py: 0
[2015-05-07 19:45:48] EDIT medboard_v2b/controllers/default.py: 0
[2015-05-07 19:59:05] EDIT medboard_v2b/controllers/default.py: -1
[2015-05-07 19:59:36] EDIT medboard_v2b/controllers/default.py: 0
[2015-05-07 19:59:56] EDIT medboard_v2b/controllers/default.py: 0
[2015-05-07 20:00:45] EDIT medboard_v2b/controllers/default.py: -1
[2015-05-07 20:04:00] EDIT medboard_v2b/controllers/default.py: 0
[2015-05-07 20:04:15] EDIT medboard_v2b/controllers/default.py: 0
[2015-05-07 20:04:21] EDIT medboard_v2b/controllers/default.py: 0
[2015-05-07 20:04:45] EDIT medboard_v2b/controllers/default.py: 0
[2015-05-07 20:04:52] EDIT medboard_v2b/controllers/default.py: 0
[2015-05-07 20:05:00] EDIT medboard_v2b/controllers/default.py: 0
[2015-05-07 20:06:06] EDIT medboard_v2b/controllers/default.py: 4
[2015-05-07 20:09:20] EDIT medboard_v2b/controllers/default.py: -4
[2015-05-07 20:09:40] EDIT medboard_v2b/controllers/default.py: 3
[2015-05-07 20:10:00] EDIT medboard_v2b/controllers/default.py: 0
[2015-05-07 20:11:03] EDIT medboard_v2b/controllers/default.py: 4
[2015-05-07 20:11:25] EDIT medboard_v2b/controllers/default.py: 0
[2015-05-07 20:12:12] EDIT medboard_v2b/views/default/my_sessions.html: 11
[2015-05-07 20:12:17] EDIT medboard_v2b/views/default/browse.html: 0
[2015-05-07 20:12:38] EDIT medboard_v2b/views/default/my_sessions.html: 21
[2015-05-07 20:12:44] EDIT medboard_v2b/views/default/my_sessions.html: 0
[2015-05-07 20:12:48] EDIT medboard_v2b/views/default/my_sessions.html: 0
[2015-05-07 20:13:18] EDIT medboard_v2b/views/default/my_sessions.html: -25
[2015-05-07 20:13:39] EDIT medboard_v2b/views/default/my_sessions.html: 2
[2015-05-07 20:13:42] EDIT medboard_v2b/views/default/my_sessions.html: 0
[2015-05-07 20:14:03] EDIT medboard_v2b/views/default/my_sessions.html: 0
[2015-05-07 20:14:17] EDIT medboard_v2b/views/default/my_sessions.html: 0
[2015-05-07 20:14:25] EDIT medboard_v2b/views/default/my_sessions.html: 0
[2015-05-07 20:14:31] EDIT medboard_v2b/views/default/my_sessions.html: 0
[2015-05-07 20:15:04] EDIT medboard_v2b/views/default/my_sessions.html: 7
[2015-05-07 20:15:12] EDIT medboard_v2b/views/default/my_sessions.html: 0
[2015-05-07 20:15:59] EDIT medboard_v2b/views/default/my_sessions.html: 14
[2015-05-07 20:19:36] EDIT medboard_v2b/views/default/browse.html: 1
[2015-05-07 20:21:31] EDIT medboard_v2b/views/default/browse.html: 3
[2015-05-07 20:21:45] EDIT medboard_v2b/views/default/browse.html: 0
[2015-05-07 20:22:12] EDIT medboard_v2b/views/default/browse.html: 0
[2015-05-07 20:22:23] EDIT medboard_v2b/views/default/browse.html: 0
[2015-05-07 20:23:26] EDIT medboard_v2b/controllers/default.py: 0
[2015-05-07 20:24:56] EDIT medboard_v2b/views/default/browse.html: 1
[2015-05-07 20:28:42] EDIT medboard_v2b/views/default/my_sessions.html: 1
[2015-05-07 20:28:45] EDIT medboard_v2b/views/default/my_sessions.html: 0
[2015-05-07 20:30:49] EDIT medboard_v2b/views/default/my_sessions.html: 1
[2015-05-07 20:31:40] EDIT medboard_v2b/views/default/my_sessions.html: 4
[2015-05-07 20:32:17] EDIT medboard_v2b/views/default/my_sessions.html: 0
[2015-05-07 20:32:25] EDIT medboard_v2b/views/default/my_sessions.html: 0
[2015-05-07 20:32:44] EDIT medboard_v2b/views/default/my_sessions.html: 0
[2015-05-07 20:32:57] EDIT medboard_v2b/views/default/my_sessions.html: 0
[2015-05-07 20:33:06] EDIT medboard_v2b/views/default/my_sessions.html: 0
[2015-05-07 20:33:24] EDIT medboard_v2b/views/default/my_sessions.html: 0
[2015-05-07 20:34:27] EDIT medboard_v2b/controllers/default.py: 0
[2015-05-07 20:34:42] EDIT medboard_v2b/controllers/default.py: 0
[2015-05-07 20:35:06] EDIT medboard_v2b/controllers/default.py: 0
[2015-05-07 20:35:38] EDIT medboard_v2b/controllers/default.py: 0
[2015-05-07 20:36:17] EDIT medboard_v2b/controllers/default.py: 0
[2015-05-07 20:38:35] EDIT medboard_v2b/views/default/my_sessions.html: 14
[2015-05-07 20:39:26] EDIT medboard_v2b/views/default/my_sessions.html: 0
[2015-05-07 20:39:34] EDIT medboard_v2b/views/default/my_sessions.html: 0
[2015-05-07 20:42:01] EDIT medboard_v2b/views/default/my_sessions.html: 1
[2015-05-07 20:42:18] EDIT medboard_v2b/views/default/my_sessions.html: 0
[2015-05-07 20:42:28] EDIT medboard_v2b/views/default/my_sessions.html: 0
[2015-05-07 20:42:52] EDIT medboard_v2b/views/default/my_sessions.html: 0
[2015-05-07 20:43:00] EDIT medboard_v2b/views/default/my_sessions.html: 0
[2015-05-07 20:43:01] EDIT medboard_v2b/views/default/my_sessions.html: 0
[2015-05-07 20:43:13] EDIT medboard_v2b/views/default/my_sessions.html: 3
[2015-05-07 20:44:39] EDIT medboard_v2b/controllers/default.py: 4
[2015-05-07 20:44:58] CREATE default/about.html: 0
[2015-05-07 20:45:06] CREATE default/help.html: 0
[2015-05-07 20:45:14] EDIT medboard_v2b/views/default/help.html: 0
[2015-05-07 20:45:31] EDIT medboard_v2b/views/default/about.html: 0
[2015-05-07 20:45:55] EDIT medboard_v2b/views/default/about.html: 4
[2015-05-07 20:46:30] EDIT medboard_v2b/views/default/about.html: 1
[2015-05-07 20:46:51] EDIT medboard_v2b/views/default/about.html: 1
[2015-05-07 20:46:57] EDIT medboard_v2b/views/default/about.html: 0
[2015-05-07 20:49:17] EDIT medboard_v2b/views/default/about.html: 4
[2015-05-07 21:00:49] EDIT medboard_v2b/views/default/user.html: 9
[2015-05-07 21:01:11] EDIT medboard_v2b/views/default/user.html: 3
[2015-05-07 21:01:40] EDIT medboard_v2b/views/default/user.html: -2
[2015-05-07 21:01:51] EDIT medboard_v2b/views/default/user.html: 0
[2015-05-07 21:02:46] EDIT medboard_v2b/views/default/index.html: 0
[2015-05-07 21:03:55] EDIT medboard_v2b/views/default/index.html: 0
[2015-05-07 21:04:14] EDIT medboard_v2b/static/css/custom_medboard.css: -1
[2015-05-07 21:04:42] EDIT medboard_v2b/static/css/custom_medboard.css: 1
[2015-05-07 21:04:43] EDIT medboard_v2b/static/css/custom_medboard.css: 0
[2015-05-07 21:05:29] EDIT medboard_v2b/static/css/custom_medboard.css: -1
[2015-05-07 21:06:12] EDIT medboard_v2b/views/default/index.html: 0
[2015-05-07 21:06:29] EDIT medboard_v2b/views/default/index.html: 0
[2015-05-07 21:06:59] EDIT medboard_v2b/views/default/index.html: 0
[2015-05-07 21:11:17] EDIT medboard_v2b/views/default/my_sessions.html: 0
[2015-05-07 21:11:35] EDIT medboard_v2b/views/default/my_sessions.html: 0
[2015-05-07 21:13:09] EDIT medboard_v2b/views/default/my_sessions.html: 0
[2015-05-07 21:24:41] EDIT medboard_v2b/views/default/my_sessions.html: 0
[2015-05-07 21:28:52] EDIT medboard_v2b/views/default/my_sessions.html: 0
[2015-05-07 21:29:20] EDIT medboard_v2b/views/default/my_sessions.html: 0
[2015-05-07 21:34:09] DELETE medboard_v2b/views/default/browse.html.1: -38
[2015-05-07 21:36:56] EDIT medboard_v2b/views/layout.html: 0
[2015-05-07 21:41:18] EDIT medboard_v2b/views/default/browse.html: 0
[2015-05-07 21:41:51] EDIT medboard_v2b/views/default/browse.html: 1
[2015-05-07 21:42:10] EDIT medboard_v2b/views/default/browse.html: 0
[2015-05-07 21:42:36] EDIT medboard_v2b/models/db1.py: 0
[2015-05-07 21:44:00] CREATE default/quit_repeating_session.html: 0
[2015-05-07 21:44:03] EDIT medboard_v2b/views/default/quit_repeating_session.html: 5
[2015-05-07 21:45:01] EDIT medboard_v2b/models/db1.py: 0
[2015-05-07 21:46:53] EDIT medboard_v2b/models/db1.py: 0
[2015-05-07 21:48:30] EDIT medboard_v2b/models/db1.py: 0
[2015-05-07 21:49:00] EDIT medboard_v2b/models/db1.py: 0
[2015-05-07 21:49:02] EDIT medboard_v2b/models/db1.py: 0
[2015-05-08 10:12:36] EDIT medboard_v2b/views/default/sign_up.html: -1
[2015-05-08 10:13:52] EDIT medboard_v2b/controllers/default.py: 1
[2015-05-08 10:14:25] EDIT medboard_v2b/controllers/default.py: 3
[2015-05-08 10:15:15] EDIT medboard_v2b/controllers/default.py: 0
[2015-05-08 10:16:57] EDIT medboard_v2b/controllers/default.py: 0
[2015-05-08 10:16:59] EDIT medboard_v2b/controllers/default.py: 0
[2015-05-08 10:17:06] EDIT medboard_v2b/controllers/default.py: 0
[2015-05-08 10:23:22] EDIT medboard_v2b/controllers/default.py: 1
[2015-05-08 10:25:37] EDIT medboard_v2b/controllers/default.py: 1
[2015-05-08 10:25:45] EDIT medboard_v2b/controllers/default.py: 1
[2015-05-08 10:26:01] EDIT medboard_v2b/controllers/default.py: 0
[2015-05-08 10:26:14] EDIT medboard_v2b/controllers/default.py: 0
[2015-05-08 10:26:51] EDIT medboard_v2b/controllers/default.py: 0
[2015-05-08 10:27:34] EDIT medboard_v2b/controllers/default.py: 0
[2015-05-08 10:28:39] EDIT medboard_v2b/controllers/default.py: 0
[2015-05-08 10:30:09] EDIT medboard_v2b/controllers/default.py: 2
[2015-05-08 10:31:13] EDIT medboard_v2b/controllers/default.py: 0
[2015-05-08 10:33:00] EDIT medboard_v2b/controllers/default.py: 0
[2015-05-08 10:34:06] EDIT medboard_v2b/controllers/default.py: 0
[2015-05-08 10:34:37] EDIT medboard_v2b/controllers/default.py: 0
[2015-05-08 10:35:31] EDIT medboard_v2b/controllers/default.py: 0
[2015-05-08 10:46:31] EDIT medboard_v2b/models/db1.py: 0
[2015-05-08 10:46:42] EDIT medboard_v2b/models/db1.py: 0
[2015-05-08 10:51:06] EDIT medboard_v2b/controllers/default.py: -2
[2015-05-08 10:54:55] EDIT medboard_v2b/controllers/default.py: 3
[2015-05-08 10:58:08] EDIT medboard_v2b/controllers/default.py: 0
[2015-05-08 10:58:31] EDIT medboard_v2b/controllers/default.py: 1
[2015-05-08 10:58:58] EDIT medboard_v2b/controllers/default.py: 1
[2015-05-08 11:00:48] EDIT medboard_v2b/controllers/default.py: 1
[2015-05-08 11:01:30] EDIT medboard_v2b/controllers/default.py: 0
[2015-05-08 11:02:09] EDIT medboard_v2b/controllers/default.py: 1
[2015-05-08 11:02:22] EDIT medboard_v2b/controllers/default.py: 0
[2015-05-08 11:02:29] EDIT medboard_v2b/controllers/default.py: 0
[2015-05-08 11:03:18] EDIT medboard_v2b/controllers/default.py: 0
[2015-05-08 11:03:45] EDIT medboard_v2b/controllers/default.py: 0
[2015-05-08 11:04:03] EDIT medboard_v2b/controllers/default.py: 0
[2015-05-08 11:06:26] EDIT medboard_v2b/controllers/default.py: 3
[2015-05-08 11:06:37] EDIT medboard_v2b/controllers/default.py: 0
[2015-05-08 11:07:03] EDIT medboard_v2b/controllers/default.py: 2
[2015-05-08 11:07:08] EDIT medboard_v2b/controllers/default.py: 0
[2015-05-08 11:07:34] EDIT medboard_v2b/controllers/default.py: 1
[2015-05-08 11:07:46] EDIT medboard_v2b/controllers/default.py: 0
[2015-05-08 11:09:59] EDIT medboard_v2b/controllers/default.py: 0
[2015-05-08 11:10:40] EDIT medboard_v2b/controllers/default.py: 0
[2015-05-08 11:10:57] EDIT medboard_v2b/controllers/default.py: -1
[2015-05-08 11:13:22] EDIT medboard_v2b/controllers/default.py: 0
[2015-05-08 11:13:40] EDIT medboard_v2b/controllers/default.py: 0
[2015-05-08 11:14:51] EDIT medboard_v2b/controllers/default.py: 1
[2015-05-08 11:14:55] EDIT medboard_v2b/controllers/default.py: 0
[2015-05-08 11:15:22] EDIT medboard_v2b/controllers/default.py: 0
[2015-05-08 11:16:12] EDIT medboard_v2b/controllers/default.py: -1
[2015-05-08 11:17:34] EDIT medboard_v2b/controllers/default.py: 5
[2015-05-08 11:17:42] EDIT medboard_v2b/controllers/default.py: 0
[2015-05-08 11:18:16] EDIT medboard_v2b/controllers/default.py: 0
[2015-05-08 11:19:13] EDIT medboard_v2b/controllers/default.py: 0
[2015-05-08 11:19:26] EDIT medboard_v2b/controllers/default.py: 0
[2015-05-08 11:19:41] EDIT medboard_v2b/controllers/default.py: 0
[2015-05-08 11:19:55] EDIT medboard_v2b/controllers/default.py: 0
[2015-05-08 11:19:57] EDIT medboard_v2b/controllers/default.py: 0
[2015-05-08 11:22:15] EDIT medboard_v2b/controllers/default.py: -1
[2015-05-08 11:22:41] EDIT medboard_v2b/controllers/default.py: 0
[2015-05-08 11:23:02] EDIT medboard_v2b/controllers/default.py: 1
[2015-05-08 11:23:31] EDIT medboard_v2b/views/default/my_sessions.html: 0
[2015-05-08 11:25:31] EDIT medboard_v2b/controllers/default.py: 18
[2015-05-08 11:25:45] EDIT medboard_v2b/controllers/default.py: 0
[2015-05-08 11:28:10] EDIT medboard_v2b/controllers/default.py: 2
[2015-05-08 11:28:35] EDIT medboard_v2b/controllers/default.py: 1
[2015-05-08 11:29:11] EDIT medboard_v2b/controllers/default.py: 2
[2015-05-08 11:31:24] EDIT medboard_v2b/controllers/default.py: 0
[2015-05-08 11:33:21] EDIT medboard_v2b/views/default/view_session.html: 3
[2015-05-08 11:33:33] EDIT medboard_v2b/views/default/view_session.html: 0
[2015-05-08 11:33:38] EDIT medboard_v2b/views/default/view_session.html: 0
[2015-05-08 11:33:50] EDIT medboard_v2b/views/default/view_session.html: 0
[2015-05-08 11:34:00] EDIT medboard_v2b/views/default/view_session.html: 0
[2015-05-08 11:34:40] EDIT medboard_v2b/views/default/view_session.html: 0
[2015-05-08 11:39:09] EDIT medboard_v2b/controllers/default.py: 5
[2015-05-08 11:39:55] EDIT medboard_v2b/views/default/view_session.html: 4
[2015-05-08 11:40:04] EDIT medboard_v2b/views/default/view_session.html: 0
[2015-05-08 11:40:19] EDIT medboard_v2b/views/default/view_session.html: -1
[2015-05-08 11:41:34] EDIT medboard_v2b/views/default/view_session.html: 0
[2015-05-08 11:41:57] EDIT medboard_v2b/views/default/view_session.html: 0
[2015-05-08 11:42:03] EDIT medboard_v2b/views/default/view_session.html: 0
[2015-05-08 11:42:22] EDIT medboard_v2b/views/default/view_session.html: 0
[2015-05-08 11:42:27] EDIT medboard_v2b/views/default/view_session.html: 0
[2015-05-08 11:43:41] EDIT medboard_v2b/views/default/view_session.html: 0
[2015-05-08 11:43:53] EDIT medboard_v2b/views/default/view_session.html: 0
[2015-05-08 11:44:02] EDIT medboard_v2b/views/default/view_session.html: 1
[2015-05-08 11:44:21] EDIT medboard_v2b/views/default/view_session.html: 2
[2015-05-08 11:45:00] EDIT medboard_v2b/views/default/view_session.html: 1
[2015-05-08 11:45:10] EDIT medboard_v2b/views/default/view_session.html: 0
[2015-05-08 11:45:49] EDIT medboard_v2b/views/default/view_session.html: -6
[2015-05-08 11:45:56] EDIT medboard_v2b/views/default/view_session.html: 1
[2015-05-08 11:46:14] EDIT medboard_v2b/views/default/view_session.html: -7
[2015-05-08 11:46:30] EDIT medboard_v2b/views/default/view_session.html: 2
[2015-05-08 11:46:40] EDIT medboard_v2b/views/default/view_session.html: 1
[2015-05-08 11:47:24] EDIT medboard_v2b/views/default/view_session.html: 7
[2015-05-08 11:47:34] EDIT medboard_v2b/views/default/view_session.html: 0
[2015-05-08 11:47:54] EDIT medboard_v2b/views/default/view_session.html: 2
[2015-05-08 11:48:54] EDIT medboard_v2b/views/default/view_session.html: 2
[2015-05-08 11:49:21] EDIT medboard_v2b/views/default/view_session.html: -1
[2015-05-08 11:49:52] EDIT medboard_v2b/views/default/view_session.html: 1
[2015-05-08 11:50:54] EDIT medboard_v2b/views/default/view_session.html: 5
[2015-05-08 11:51:23] EDIT medboard_v2b/views/default/view_session.html: 0
[2015-05-08 11:52:11] EDIT medboard_v2b/views/default/view_session.html: 0
[2015-05-08 11:54:19] EDIT medboard_v2b/views/default/view_session.html: -5
[2015-05-08 11:54:21] EDIT medboard_v2b/views/default/view_session.html: 0
[2015-05-08 11:56:21] EDIT medboard_v2b/controllers/default.py: 0
[2015-05-08 11:56:29] EDIT medboard_v2b/controllers/default.py: 0
[2015-05-08 11:57:29] EDIT medboard_v2b/controllers/default.py: 0
[2015-05-08 11:58:36] EDIT medboard_v2b/controllers/default.py: 0
[2015-05-08 11:58:41] EDIT medboard_v2b/controllers/default.py: 0
[2015-05-08 11:59:01] EDIT medboard_v2b/controllers/default.py: 0
[2015-05-08 11:59:16] EDIT medboard_v2b/controllers/default.py: 1
[2015-05-08 11:59:51] EDIT medboard_v2b/controllers/default.py: 0
[2015-05-08 12:00:10] EDIT medboard_v2b/controllers/default.py: -1
[2015-05-08 12:00:26] EDIT medboard_v2b/controllers/default.py: 0
[2015-05-08 12:01:23] EDIT medboard_v2b/controllers/default.py: -1
[2015-05-08 12:01:54] EDIT medboard_v2b/controllers/default.py: 1
[2015-05-08 12:02:08] EDIT medboard_v2b/controllers/default.py: -1
[2015-05-08 12:02:21] EDIT medboard_v2b/controllers/default.py: 1
[2015-05-08 12:02:42] EDIT medboard_v2b/controllers/default.py: -1
[2015-05-08 12:03:09] EDIT medboard_v2b/controllers/default.py: 0
[2015-05-08 12:04:22] EDIT medboard_v2b/controllers/default.py: 0
[2015-05-08 12:04:36] EDIT medboard_v2b/controllers/default.py: 0
[2015-05-08 12:05:08] EDIT medboard_v2b/controllers/default.py: 1
[2015-05-08 12:05:16] EDIT medboard_v2b/controllers/default.py: -1
[2015-05-08 12:05:25] EDIT medboard_v2b/controllers/default.py: 0
[2015-05-08 12:05:39] EDIT medboard_v2b/controllers/default.py: 2
[2015-05-08 12:06:38] EDIT medboard_v2b/controllers/default.py: 1
[2015-05-08 12:07:38] EDIT medboard_v2b/controllers/default.py: 5
[2015-05-08 12:07:49] EDIT medboard_v2b/controllers/default.py: 0
[2015-05-08 12:10:19] EDIT medboard_v2b/controllers/default.py: 0
[2015-05-08 12:11:16] EDIT medboard_v2b/controllers/default.py: 0
[2015-05-08 12:12:57] EDIT medboard_v2b/controllers/default.py: 1
[2015-05-08 12:13:13] EDIT medboard_v2b/controllers/default.py: 0
[2015-05-08 12:14:25] EDIT medboard_v2b/controllers/default.py: 0
[2015-05-08 12:15:41] EDIT medboard_v2b/controllers/default.py: 4
[2015-05-08 12:16:09] EDIT medboard_v2b/controllers/default.py: 0
[2015-05-08 12:19:05] EDIT medboard_v2b/controllers/default.py: 1
[2015-05-08 12:19:16] EDIT medboard_v2b/controllers/default.py: 0
[2015-05-08 12:19:40] EDIT medboard_v2b/controllers/default.py: 0
[2015-05-08 12:22:08] EDIT medboard_v2b/controllers/default.py: 1
[2015-05-08 12:22:32] EDIT medboard_v2b/controllers/default.py: 0
[2015-05-08 12:23:05] EDIT medboard_v2b/controllers/default.py: 0
[2015-05-08 12:35:14] EDIT medboard_v2b/controllers/default.py: -3
[2015-05-08 12:37:51] EDIT medboard_v2b/models/db.py: 0
[2015-05-08 12:38:31] EDIT medboard_v2b/models/db.py: 0
[2015-05-08 12:38:45] EDIT medboard_v2b/models/db.py: 0
[2015-05-08 12:39:37] EDIT medboard_v2b/models/db.py: 0
[2015-05-08 12:40:59] EDIT medboard_v2b/views/default/view_session.html: 0
[2015-05-08 12:41:40] EDIT medboard_v2b/views/default/view_session.html: 0
[2015-05-08 12:42:01] EDIT medboard_v2b/views/default/view_session.html: 0
[2015-05-08 12:46:22] EDIT medboard_v2b/controllers/default.py: 3
[2015-05-08 12:46:37] EDIT medboard_v2b/controllers/default.py: 1
[2015-05-08 12:46:41] EDIT medboard_v2b/controllers/default.py: 1
[2015-05-08 12:46:50] EDIT medboard_v2b/controllers/default.py: 0
[2015-05-08 12:47:15] EDIT medboard_v2b/controllers/default.py: 0
[2015-05-08 12:47:19] EDIT medboard_v2b/controllers/default.py: 0
[2015-05-09 09:24:11] EDIT medboard_v2b/controllers/default.py: -1
[2015-05-09 09:25:53] EDIT medboard_v2b/controllers/default.py: 0
[2015-05-09 09:29:22] EDIT medboard_v2b/models/db.py: 0
[2015-05-09 16:00:50] DELETE medboard_v2b/views/default/browse.html.1: -39
[2015-05-10 13:33:42] EDIT medboard/controllers/default.py: -6
[2015-05-10 13:42:17] EDIT medboard/controllers/default.py: 10
[2015-05-10 13:42:34] EDIT medboard/controllers/default.py: 0
[2015-05-10 13:43:03] EDIT medboard/controllers/default.py: 0
[2015-05-10 13:43:34] EDIT medboard/controllers/default.py: 0
[2015-05-10 13:44:37] EDIT medboard/controllers/default.py: 1
[2015-05-10 13:54:30] EDIT medboard/controllers/default.py: 0
[2015-05-10 13:55:06] EDIT medboard/controllers/default.py: 0
[2015-05-10 13:55:28] EDIT medboard/controllers/default.py: -1
[2015-05-10 13:55:51] EDIT medboard/controllers/default.py: 0
[2015-05-10 14:02:15] EDIT medboard/controllers/default.py: 2
[2015-05-10 14:02:39] EDIT medboard/controllers/default.py: -2
[2015-05-10 14:02:55] EDIT medboard/controllers/default.py: 0
[2015-05-10 14:03:11] EDIT medboard/controllers/default.py: 0
[2015-05-10 14:04:56] EDIT medboard/controllers/default.py: 1
[2015-05-10 14:05:10] EDIT medboard/controllers/default.py: 0
[2015-05-10 14:06:42] EDIT medboard/controllers/default.py: -1
[2015-05-10 14:06:52] EDIT medboard/controllers/default.py: 0
[2015-05-10 14:07:18] EDIT medboard/controllers/default.py: 0
[2015-05-10 14:07:22] EDIT medboard/controllers/default.py: 0
[2015-05-10 14:07:25] EDIT medboard/controllers/default.py: 0
[2015-05-10 14:08:02] EDIT medboard/controllers/default.py: 3
[2015-05-10 14:08:43] EDIT medboard/controllers/default.py: -11
[2015-05-10 14:08:51] EDIT medboard/controllers/default.py: 0
[2015-05-10 14:10:07] EDIT medboard/controllers/default.py: 0
[2015-05-10 14:10:20] EDIT medboard/controllers/default.py: 0
[2015-05-10 14:10:37] EDIT medboard/controllers/default.py: 11
[2015-05-10 14:11:07] EDIT medboard/controllers/default.py: -3
[2015-05-10 14:11:54] EDIT medboard/controllers/default.py: 0
[2015-05-10 14:46:26] EDIT medboard/controllers/default.py: 0
[2015-05-10 14:46:34] EDIT medboard/controllers/default.py: 0
[2015-05-10 14:46:58] EDIT medboard/controllers/default.py: 0
[2015-05-10 14:47:06] EDIT medboard/controllers/default.py: 0
[2015-05-10 14:47:56] EDIT medboard/controllers/default.py: 0
[2015-05-10 14:48:12] EDIT medboard/controllers/default.py: 0
[2015-05-10 14:51:42] EDIT medboard/views/default/browse.html: 0
[2015-05-10 14:53:06] EDIT medboard/views/default/my_sessions.html: 0
[2015-05-10 14:57:57] EDIT medboard/controllers/default.py: 14
[2015-05-10 14:58:04] EDIT medboard/controllers/default.py: 1
[2015-05-10 14:58:57] CREATE default/admin_page.html: 0
[2015-05-10 15:00:48] EDIT medboard/views/default/admin_page.html: 2
[2015-05-10 15:00:56] EDIT medboard/views/default/admin_page.html: 2
[2015-05-10 15:01:19] EDIT medboard/views/default/admin_page.html: 0
[2015-05-10 15:01:37] CREATE admin_links.html: 0
[2015-05-10 15:01:56] EDIT medboard/views/admin_links.html: 6
[2015-05-10 15:02:53] EDIT medboard/views/admin_links.html: -4
[2015-05-10 15:03:03] EDIT medboard/views/admin_links.html: 0
[2015-05-10 15:03:46] EDIT medboard/views/admin_links.html: 4
[2015-05-10 15:03:58] EDIT medboard/views/admin_links.html: 0
[2015-05-10 15:04:06] EDIT medboard/views/admin_links.html: 0
[2015-05-10 15:04:56] EDIT medboard/views/default/admin_page.html: 1
[2015-05-10 15:05:05] EDIT medboard/views/default/admin_page.html: 1
[2015-05-10 15:08:26] EDIT medboard/views/admin_links.html: 1
[2015-05-10 15:08:42] EDIT medboard/views/admin_links.html: 0
[2015-05-10 15:08:57] EDIT medboard/views/admin_links.html: 1
[2015-05-10 15:09:06] EDIT medboard/views/admin_links.html: 0
[2015-05-10 15:09:21] EDIT medboard/views/admin_links.html: -1
[2015-05-10 15:09:43] EDIT medboard/views/default/admin_page.html: -1
[2015-05-10 15:09:48] EDIT medboard/views/default/admin_page.html: 1
[2015-05-10 15:09:56] EDIT medboard/views/admin_links.html: -1
[2015-05-10 15:10:18] EDIT medboard/views/admin_links.html: 1
[2015-05-10 15:10:35] EDIT medboard/views/admin_links.html: 0
[2015-05-10 15:10:42] EDIT medboard/views/admin_links.html: 0
[2015-05-10 15:11:32] EDIT medboard/views/admin_links.html: 0
[2015-05-10 15:11:40] EDIT medboard/views/admin_links.html: 0
[2015-05-10 15:11:50] EDIT medboard/views/admin_links.html: 0
[2015-05-10 15:12:00] EDIT medboard/views/admin_links.html: 0
[2015-05-10 15:12:09] EDIT medboard/views/admin_links.html: 0
[2015-05-10 15:13:11] EDIT medboard/views/default/admin_page.html: 1
[2015-05-10 15:13:26] EDIT medboard/views/admin_links.html: 1
[2015-05-10 15:13:33] EDIT medboard/views/admin_links.html: 0
[2015-05-10 15:15:29] EDIT medboard/views/admin_links.html: 4
[2015-05-10 15:15:45] EDIT medboard/views/admin_links.html: 1
[2015-05-10 15:18:08] EDIT medboard/views/admin_links.html: 1
[2015-05-10 15:18:35] EDIT medboard/views/admin_links.html: 2
[2015-05-10 15:18:47] EDIT medboard/views/admin_links.html: 1
[2015-05-10 15:19:32] EDIT medboard/views/admin_links.html: -4
[2015-05-10 15:19:58] EDIT medboard/views/admin_links.html: 0
[2015-05-10 15:20:23] EDIT medboard/views/admin_links.html: 4
[2015-05-10 15:21:54] EDIT medboard/views/admin_links.html: 0
[2015-05-10 15:22:53] EDIT medboard/views/admin_links.html: 4
[2015-05-10 15:23:21] EDIT medboard/views/admin_links.html: -5
[2015-05-10 15:24:14] EDIT medboard/controllers/default.py: 4
[2015-05-10 15:24:17] EDIT medboard/controllers/default.py: 0
[2015-05-10 15:24:33] EDIT medboard/controllers/default.py: 0
[2015-05-10 15:27:41] EDIT medboard/controllers/default.py: 0
[2015-05-10 15:28:57] EDIT medboard/controllers/default.py: 0
[2015-05-10 15:37:41] EDIT medboard/views/admin_links.html: 0
[2015-05-10 15:39:13] EDIT medboard/controllers/default.py: 3
[2015-05-10 15:41:14] EDIT medboard/controllers/default.py: 0
[2015-05-10 15:41:22] EDIT medboard/controllers/default.py: 0
[2015-05-10 15:41:39] EDIT medboard/controllers/default.py: 0
[2015-05-10 15:42:14] EDIT medboard/controllers/default.py: 0
[2015-05-10 15:42:18] EDIT medboard/controllers/default.py: -1
[2015-05-10 15:42:38] EDIT medboard/controllers/default.py: 0
[2015-05-10 15:44:10] EDIT medboard/controllers/default.py: 0
[2015-05-10 15:44:51] EDIT medboard/controllers/default.py: 1
[2015-05-10 15:44:59] EDIT medboard/controllers/default.py: 0
[2015-05-10 15:45:37] EDIT medboard/controllers/default.py: -1
[2015-05-10 15:46:43] EDIT medboard/controllers/default.py: 3
[2015-05-10 15:47:08] EDIT medboard/controllers/default.py: 1
[2015-05-10 15:47:37] EDIT medboard/controllers/default.py: 0
[2015-05-10 15:48:24] EDIT medboard/controllers/default.py: 4
[2015-05-10 15:48:53] EDIT medboard/controllers/default.py: 0
[2015-05-10 15:49:02] EDIT medboard/controllers/default.py: 0
[2015-05-10 15:49:34] EDIT medboard/controllers/default.py: 2
[2015-05-10 15:49:48] EDIT medboard/controllers/default.py: 2
[2015-05-10 15:49:51] EDIT medboard/controllers/default.py: 0
[2015-05-10 15:51:33] EDIT medboard/controllers/default.py: 4
[2015-05-10 15:51:35] EDIT medboard/controllers/default.py: -1
[2015-05-10 15:51:49] EDIT medboard/controllers/default.py: -1
[2015-05-10 15:53:24] EDIT medboard/controllers/default.py: 10
[2015-05-10 15:53:35] EDIT medboard/controllers/default.py: -1
[2015-05-10 15:53:48] EDIT medboard/controllers/default.py: -3
[2015-05-10 15:56:17] EDIT medboard/controllers/default.py: 1
[2015-05-10 15:56:46] EDIT medboard/views/admin_links.html: 15
[2015-05-10 15:57:03] EDIT medboard/views/admin_links.html: -4
[2015-05-10 15:57:34] EDIT medboard/views/default/admin_page.html: 8
[2015-05-10 15:58:41] EDIT medboard/controllers/default.py: 3
[2015-05-10 15:58:51] EDIT medboard/controllers/default.py: -1
[2015-05-10 15:59:21] EDIT medboard/views/default/admin_page.html: 0
[2015-05-10 16:00:28] EDIT medboard/views/default/admin_page.html: 6
[2015-05-10 16:01:46] EDIT medboard/views/default/admin_page.html: 0
[2015-05-10 16:02:54] EDIT medboard/controllers/default.py: 0
[2015-05-10 16:05:10] EDIT medboard/controllers/default.py: 5
[2015-05-10 16:06:24] EDIT medboard/controllers/default.py: 4
[2015-05-10 16:06:30] EDIT medboard/controllers/default.py: 0
[2015-05-10 16:06:58] EDIT medboard/controllers/default.py: 0
[2015-05-10 16:07:08] EDIT medboard/controllers/default.py: -1
[2015-05-10 16:07:10] EDIT medboard/controllers/default.py: 1
[2015-05-10 16:07:18] EDIT medboard/controllers/default.py: 0
[2015-05-10 16:07:26] EDIT medboard/controllers/default.py: 0
[2015-05-10 16:07:34] EDIT medboard/controllers/default.py: 0
[2015-05-10 16:08:04] EDIT medboard/controllers/default.py: 0
[2015-05-10 16:09:24] EDIT medboard/controllers/default.py: 0
[2015-05-10 16:13:36] EDIT medboard/views/default/admin_page.html: 0
[2015-05-10 16:15:27] EDIT medboard/controllers/default.py: -8
[2015-05-10 16:15:46] EDIT medboard/controllers/default.py: -1
[2015-05-10 16:16:03] EDIT medboard/controllers/default.py: -1
[2015-05-10 16:17:02] EDIT medboard/controllers/default.py: 0
[2015-05-10 16:17:40] EDIT medboard/controllers/default.py: 0
[2015-05-10 16:19:20] EDIT medboard/views/admin_links.html: -11
[2015-05-10 16:19:49] EDIT medboard/views/admin_links.html: 0
[2015-05-10 16:20:43] EDIT medboard/controllers/default.py: 1
[2015-05-10 16:20:55] EDIT medboard/controllers/default.py: 1
[2015-05-10 16:21:06] EDIT medboard/controllers/default.py: -1
[2015-05-10 16:22:09] EDIT medboard/controllers/default.py: 1
[2015-05-10 16:23:15] EDIT medboard/controllers/default.py: 1
[2015-05-10 16:25:15] EDIT medboard/controllers/default.py: 1
[2015-05-10 16:25:35] EDIT medboard/controllers/default.py: 1
[2015-05-10 16:27:07] EDIT medboard/controllers/default.py: 1
[2015-05-10 16:27:11] EDIT medboard/controllers/default.py: 1
[2015-05-10 16:27:41] EDIT medboard/controllers/default.py: 1
[2015-05-10 16:29:05] EDIT medboard/controllers/default.py: 0
[2015-05-10 16:29:52] EDIT medboard/controllers/default.py: 0
[2015-05-10 16:30:04] EDIT medboard/controllers/default.py: 0
[2015-05-10 16:30:11] EDIT medboard/controllers/default.py: 0
[2015-05-10 16:30:31] EDIT medboard/controllers/default.py: 0
[2015-05-10 16:30:51] EDIT medboard/controllers/default.py: 0
[2015-05-10 16:31:23] EDIT medboard/controllers/default.py: 0
[2015-05-10 16:34:40] EDIT medboard/views/default/admin_page.html: 6
[2015-05-10 16:35:13] EDIT medboard/views/default/admin_page.html: 3
[2015-05-10 16:35:18] EDIT medboard/views/default/admin_page.html: 0
[2015-05-10 16:36:26] EDIT medboard/views/default/admin_page.html: 9
[2015-05-10 16:36:53] EDIT medboard/views/default/admin_page.html: 0
[2015-05-10 16:37:02] EDIT medboard/views/default/admin_page.html: 0
[2015-05-10 16:38:50] EDIT medboard/views/default/admin_page.html: 0
[2015-05-10 16:39:13] EDIT medboard/views/default/admin_page.html: 0
[2015-05-10 16:39:35] EDIT medboard/views/default/admin_page.html: 0
[2015-05-10 16:40:35] EDIT medboard/views/default/admin_page.html: 0
[2015-05-10 16:41:29] EDIT medboard/views/default/admin_page.html: 12
[2015-05-10 16:41:38] EDIT medboard/views/default/admin_page.html: 0
[2015-05-10 16:41:58] EDIT medboard/views/default/admin_page.html: 0
[2015-05-10 16:43:05] EDIT medboard/views/default/admin_page.html: 13
[2015-05-10 16:43:35] EDIT medboard/views/default/admin_page.html: 13
[2015-05-10 16:43:52] EDIT medboard/views/default/admin_page.html: 0
[2015-05-10 16:44:44] EDIT medboard/views/default/admin_page.html: 4
[2015-05-10 16:45:45] EDIT medboard/views/default/admin_page.html: 4
[2015-05-10 16:46:27] EDIT medboard/views/admin_links.html: 0
[2015-05-10 16:46:34] EDIT medboard/views/admin_links.html: 0
[2015-05-10 16:47:05] EDIT medboard/views/admin_links.html: 0
[2015-05-10 16:48:59] EDIT medboard/views/default/admin_page.html: 2
[2015-05-10 16:49:43] EDIT medboard/views/default/admin_page.html: 2
[2015-05-10 16:50:21] EDIT medboard/views/default/admin_page.html: 15
[2015-05-10 16:51:19] EDIT medboard/views/default/admin_page.html: 1
[2015-05-10 16:51:28] EDIT medboard/views/default/admin_page.html: 0
[2015-05-10 16:51:44] EDIT medboard/views/default/admin_page.html: 0
[2015-05-10 16:52:47] EDIT medboard/views/default/admin_page.html: 0
[2015-05-10 16:54:31] EDIT medboard/models/menu.py: 4
[2015-05-10 16:54:53] EDIT medboard/models/menu.py: 4
[2015-05-10 16:55:32] EDIT medboard/models/menu.py: 0
[2015-05-10 16:55:44] EDIT medboard/models/menu.py: -1
[2015-05-10 16:55:53] EDIT medboard/models/menu.py: 0
[2015-05-10 16:56:53] EDIT medboard/models/menu.py: 3
[2015-05-10 16:57:04] EDIT medboard/models/menu.py: 1
[2015-05-10 16:57:29] EDIT medboard/models/menu.py: 0
[2015-05-10 16:57:55] EDIT medboard/models/menu.py: 0
[2015-05-10 17:03:10] EDIT medboard/models/menu.py: 0
[2015-05-10 17:03:36] EDIT medboard/models/menu.py: 0
[2015-05-10 17:03:38] EDIT medboard/models/menu.py: 0
[2015-05-10 17:03:39] EDIT medboard/models/menu.py: 0
[2015-05-10 17:06:00] EDIT medboard/models/menu.py: 0
[2015-05-10 17:07:02] EDIT medboard/views/default/access_key.html: 5
[2015-05-10 17:07:03] EDIT medboard/views/default/access_key.html: 1
[2015-05-10 17:07:10] EDIT medboard/views/default/access_key.html: 0
[2015-05-10 17:07:34] EDIT medboard/views/default/access_key.html: 3
[2015-05-10 17:07:56] EDIT medboard/views/default/access_key.html: 0
[2015-05-10 17:08:50] EDIT medboard/views/default/access_key.html: 4
[2015-05-10 17:10:59] EDIT medboard/views/default/access_key.html: 2
[2015-05-10 17:11:50] EDIT medboard/views/default/access_key.html: 0
[2015-05-10 17:12:03] EDIT medboard/views/default/access_key.html: 0
[2015-05-10 17:20:48] EDIT medboard/controllers/default.py: 1
[2015-05-10 17:20:57] EDIT medboard/controllers/default.py: 1
[2015-05-10 17:23:53] EDIT medboard/controllers/default.py: 4
[2015-05-10 17:24:51] EDIT medboard/controllers/default.py: 0
[2015-05-10 17:26:27] EDIT medboard/controllers/default.py: 84
[2015-05-10 17:30:32] EDIT medboard/controllers/default.py: -63
[2015-05-10 17:30:48] EDIT medboard/controllers/default.py: -5
[2015-05-10 17:31:24] EDIT medboard/controllers/default.py: 0
[2015-05-10 17:33:15] EDIT medboard/controllers/default.py: 4
[2015-05-10 17:33:53] EDIT medboard/controllers/default.py: 2
[2015-05-10 17:34:28] EDIT medboard/controllers/default.py: 2
[2015-05-10 17:34:54] EDIT medboard/controllers/default.py: 0
[2015-05-10 17:36:10] EDIT medboard/controllers/default.py: 0
[2015-05-10 17:37:05] EDIT medboard/controllers/default.py: 2
[2015-05-10 17:37:15] EDIT medboard/controllers/default.py: 0
[2015-05-10 17:38:26] EDIT medboard/controllers/default.py: 0
[2015-05-10 17:39:12] EDIT medboard/controllers/default.py: 0
[2015-05-10 17:40:22] EDIT medboard/controllers/default.py: 2
[2015-05-10 17:40:26] EDIT medboard/controllers/default.py: 0
[2015-05-10 17:40:35] EDIT medboard/controllers/default.py: 0
[2015-05-10 17:40:44] EDIT medboard/controllers/default.py: 0
[2015-05-10 17:40:51] EDIT medboard/controllers/default.py: 0
[2015-05-10 17:41:46] EDIT medboard/controllers/default.py: 1
[2015-05-10 17:42:01] EDIT medboard/controllers/default.py: 0
[2015-05-10 17:42:01] EDIT medboard/controllers/default.py: 0
[2015-05-10 17:43:23] EDIT medboard/controllers/default.py: 3
[2015-05-10 17:43:39] EDIT medboard/controllers/default.py: 1
[2015-05-10 17:43:43] EDIT medboard/controllers/default.py: 0
[2015-05-10 17:43:59] EDIT medboard/controllers/default.py: 0
[2015-05-10 17:45:49] EDIT medboard/controllers/default.py: 0
[2015-05-10 17:46:58] EDIT medboard/controllers/default.py: 0
[2015-05-10 17:49:05] EDIT medboard/controllers/default.py: 4
[2015-05-10 17:49:15] EDIT medboard/controllers/default.py: 0
[2015-05-10 17:50:41] EDIT medboard/controllers/default.py: 1
[2015-05-10 17:50:57] EDIT medboard/controllers/default.py: 0
[2015-05-10 17:55:53] EDIT medboard/controllers/default.py: 0
[2015-05-10 17:56:21] EDIT medboard/controllers/default.py: 0
[2015-05-10 17:56:45] EDIT medboard/controllers/default.py: 0
[2015-05-10 17:57:02] EDIT medboard/controllers/default.py: 0
[2015-05-10 17:57:29] EDIT medboard/controllers/default.py: 0
[2015-05-10 17:58:00] EDIT medboard/controllers/default.py: 0
[2015-05-10 17:58:05] EDIT medboard/controllers/default.py: 0
[2015-05-10 17:59:43] EDIT medboard/controllers/default.py: 0
[2015-05-10 18:00:23] EDIT medboard/controllers/default.py: 0
[2015-05-10 18:00:47] EDIT medboard/controllers/default.py: 0
[2015-05-10 18:01:50] EDIT medboard/controllers/default.py: 0
[2015-05-10 18:02:41] EDIT medboard/controllers/default.py: 0
[2015-05-10 18:04:25] EDIT medboard/controllers/default.py: 0
[2015-05-10 18:06:03] EDIT medboard/views/default/my_sessions.html: 2
[2015-05-10 18:07:01] EDIT medboard/views/default/my_sessions.html: 4
[2015-05-10 18:07:38] EDIT medboard/views/default/my_sessions.html: 2
[2015-05-10 18:08:06] EDIT medboard/views/default/my_sessions.html: 0
[2015-05-10 18:08:12] EDIT medboard/views/default/my_sessions.html: 0
[2015-05-10 18:09:40] EDIT medboard/views/default/my_sessions.html: 1
[2015-05-10 18:10:09] EDIT medboard/views/default/my_sessions.html: 0
[2015-05-10 18:10:52] EDIT medboard/controllers/default.py: 1
[2015-05-10 18:11:07] EDIT medboard/controllers/default.py: 0
[2015-05-10 18:11:10] EDIT medboard/controllers/default.py: 0
[2015-05-10 18:11:21] EDIT medboard/controllers/default.py: 0
[2015-05-10 18:12:00] EDIT medboard/controllers/default.py: -1
[2015-05-10 18:12:15] EDIT medboard/controllers/default.py: 0
[2015-05-10 18:13:57] EDIT medboard/views/default/my_sessions.html: -2
[2015-05-10 18:14:21] EDIT medboard/views/default/my_sessions.html: 0
[2015-05-10 18:15:41] EDIT medboard/views/default/my_sessions.html: 0
[2015-05-10 18:15:49] EDIT medboard/views/default/my_sessions.html: 0
[2015-05-10 18:16:11] EDIT medboard/static/css/custom_medboard.css: 2
[2015-05-10 18:16:27] EDIT medboard/views/default/my_sessions.html: 0
[2015-05-10 18:18:03] EDIT medboard/views/default/my_sessions.html: 0
[2015-05-10 18:18:09] EDIT medboard/views/default/my_sessions.html: 0
[2015-05-10 18:18:26] EDIT medboard/views/default/my_sessions.html: 0
[2015-05-10 18:19:18] EDIT medboard/views/default/my_sessions.html: 0
[2015-05-10 18:19:34] EDIT medboard/views/default/my_sessions.html: 0
[2015-05-10 18:19:46] EDIT medboard/views/default/my_sessions.html: 0
[2015-05-10 18:19:51] EDIT medboard/views/default/my_sessions.html: 0
[2015-05-10 18:22:56] EDIT medboard/controllers/default.py: 0
[2015-05-10 18:26:10] EDIT medboard/controllers/default.py: 0
[2015-05-10 18:26:18] EDIT medboard/controllers/default.py: 0
[2015-05-10 21:44:59] EDIT medboard/controllers/default.py: -1
[2015-05-10 21:51:19] EDIT medboard/views/default/my_sessions.html: 0
[2015-05-10 21:51:44] EDIT medboard/views/default/my_sessions.html: 0
[2015-05-10 21:53:14] EDIT medboard/views/default/my_sessions.html: 1
[2015-05-10 21:54:21] EDIT medboard/views/default/my_sessions.html: -6
[2015-05-10 21:56:04] EDIT medboard/views/default/my_sessions.html: -2
[2015-05-10 21:57:11] EDIT medboard/views/default/my_sessions.html: 1
[2015-05-10 21:59:35] EDIT medboard/views/default/my_sessions.html: -4
[2015-05-10 22:01:01] EDIT medboard/views/default/my_sessions.html: 0
[2015-05-10 22:01:51] EDIT medboard/views/default/my_sessions.html: 0
[2015-05-10 22:02:22] EDIT medboard/views/default/my_sessions.html: 0
[2015-05-10 22:02:47] EDIT medboard/views/default/my_sessions.html: -2
[2015-05-10 22:03:03] EDIT medboard/views/default/my_sessions.html: 0
[2015-05-10 22:04:19] EDIT medboard/views/default/my_sessions.html: 0
[2015-05-10 22:04:27] EDIT medboard/views/default/my_sessions.html: -1
[2015-05-10 22:04:43] EDIT medboard/views/default/my_sessions.html: 0
[2015-05-10 22:05:40] EDIT medboard/views/default/my_sessions.html: 1
[2015-05-10 22:05:49] EDIT medboard/views/default/my_sessions.html: 1
[2015-05-10 22:06:04] EDIT medboard/views/default/my_sessions.html: 0
[2015-05-10 22:16:11] EDIT medboard/views/default/my_sessions.html: 0
[2015-05-11 16:58:18] EDIT medboard/controllers/default.py: 1
[2015-05-25 14:30:51] EDIT medboard/controllers/default.py: 8
[2015-05-25 14:31:12] EDIT medboard/controllers/default.py: 0
[2015-05-25 14:31:52] EDIT medboard/controllers/default.py: 0
[2015-05-25 14:37:52] EDIT medboard/controllers/default.py: 1
[2015-05-25 14:43:36] EDIT medboard/controllers/default.py: -1
[2015-05-25 16:29:20] EDIT medboard/controllers/default.py: 3
[2015-05-25 16:29:54] EDIT medboard/controllers/default.py: 0
[2015-05-25 16:30:56] EDIT medboard/controllers/default.py: 0
[2015-05-25 16:42:46] CREATE default/test.html: 0
[2015-05-25 16:45:22] EDIT medboard/controllers/default.py: 20
[2015-05-25 16:46:21] EDIT medboard/controllers/default.py: 0
[2015-05-25 16:46:40] EDIT medboard/controllers/default.py: 1
[2015-05-25 16:47:36] EDIT medboard/views/default/test.html: 1
[2015-05-25 16:48:52] EDIT medboard/controllers/default.py: 0
[2015-05-25 16:52:16] EDIT medboard/controllers/default.py: 0
[2015-05-25 16:52:56] EDIT medboard/views/default/test.html: -1
[2015-05-25 16:56:56] EDIT medboard/controllers/default.py: 0
[2015-05-25 17:03:29] EDIT medboard/controllers/default.py: 1
[2015-05-25 17:06:30] EDIT medboard/controllers/default.py: 0
[2015-05-25 17:06:39] EDIT medboard/controllers/default.py: 0
[2015-05-25 17:07:31] EDIT medboard/controllers/default.py: -21
[2015-05-25 17:13:01] EDIT medboard/controllers/default.py: 0
[2015-05-25 17:21:17] EDIT medboard/controllers/default.py: 0
[2015-05-25 17:25:19] EDIT medboard/controllers/default.py: 0
[2015-05-25 17:40:51] EDIT medboard/models/db1.py: 0
[2015-06-09 21:19:20] EDIT medboard/controllers/default.py: 1
[2015-06-09 21:19:49] EDIT medboard/controllers/default.py: 3
[2015-06-25 09:30:34] EDIT thecore/views/default/index.html: 0
[2015-06-25 09:31:00] EDIT thecore/views/default/index.html: 0
[2015-06-25 09:31:58] EDIT thecore/models/menu.py: 0
[2015-06-25 10:00:41] EDIT thecore/models/menu.py: 0
[2015-06-25 10:00:49] EDIT thecore/models/menu.py: 0
[2015-06-25 10:00:58] EDIT thecore/models/menu.py: 0
[2015-06-25 10:01:41] CREATE blog.py: 0
[2015-06-25 10:02:06] CREATE blog/index.html: 0
[2015-06-25 10:02:37] EDIT thecore/controllers/blog.py: 1
[2015-06-25 10:03:08] EDIT thecore/views/blog/index.html: 1
[2015-06-25 10:03:56] CREATE blog_sidebar.html: 0
[2015-06-25 10:04:43] EDIT thecore/views/blog_sidebar.html: 7
[2015-06-25 10:04:53] EDIT thecore/views/blog_sidebar.html: 0
[2015-06-25 10:05:14] EDIT thecore/views/blog/index.html: 3
[2015-06-25 10:05:18] EDIT thecore/views/blog/index.html: 0
[2015-06-25 10:05:40] EDIT thecore/views/blog_sidebar.html: 0
[2015-06-25 10:06:29] EDIT thecore/views/blog_sidebar.html: 3
[2015-06-25 10:08:19] EDIT thecore/views/blog_sidebar.html: 0
[2015-06-25 10:09:03] EDIT thecore/views/blog_sidebar.html: -5
[2015-06-25 10:09:10] EDIT thecore/views/blog_sidebar.html: 0
[2015-06-25 10:09:17] EDIT thecore/views/blog_sidebar.html: 0
[2015-06-25 10:09:34] EDIT thecore/views/blog_sidebar.html: 0
[2015-06-25 10:09:55] EDIT thecore/views/blog_sidebar.html: 0
[2015-06-25 10:09:59] EDIT thecore/views/blog_sidebar.html: -3
[2015-06-25 10:16:02] CREATE blog.py: 0
[2015-06-25 10:24:07] EDIT thecore/models/blog.py: 9
[2015-06-25 10:24:17] EDIT thecore/models/blog.py: -4
[2015-06-25 10:24:41] EDIT thecore/models/blog.py: 0
[2015-06-25 10:25:54] EDIT thecore/controllers/blog.py: 1
[2015-06-25 10:26:19] EDIT thecore/views/blog/index.html: 0
[2015-06-25 10:27:28] EDIT thecore/controllers/blog.py: 2
[2015-06-25 10:28:23] EDIT thecore/controllers/blog.py: 3
[2015-06-25 10:28:50] CREATE blog/new_blog_post.html: 0
[2015-06-25 10:28:52] EDIT thecore/views/blog/new_blog_post.html: 0
[2015-06-25 10:29:17] EDIT thecore/models/blog.py: 0
[2015-06-25 10:29:35] EDIT thecore/models/blog.py: 0
[2015-06-25 10:29:42] EDIT thecore/models/blog.py: 0
[2015-06-25 10:30:12] CREATE db_blog.py: 0
[2015-06-25 10:30:16] EDIT thecore/models/db_blog.py: 5
[2015-06-25 10:31:06] EDIT thecore/models/blog.py: -5
[2015-06-25 10:31:39] EDIT thecore/models/db_blog.py: 0
[2015-06-25 10:34:01] EDIT thecore/controllers/blog.py: 1
[2015-06-25 10:34:46] EDIT thecore/controllers/blog.py: 0
[2015-06-25 10:36:38] EDIT thecore/views/blog/index.html: 5
[2015-06-25 10:39:05] EDIT thecore/views/blog/index.html: 9
[2015-06-25 10:39:13] EDIT thecore/views/blog/index.html: 1
[2015-06-25 10:40:12] EDIT thecore/views/blog/index.html: 1
[2015-06-25 10:41:03] EDIT thecore/views/blog/index.html: 0
[2015-06-25 10:42:30] EDIT thecore/views/blog/index.html: 2
[2015-06-25 10:43:00] EDIT thecore/views/blog/index.html: 0
[2015-06-25 14:37:53] EDIT thecore/models/menu.py: 0
[2015-06-25 14:38:00] EDIT thecore/models/menu.py: 0
[2015-06-25 14:38:05] EDIT thecore/models/menu.py: 0
[2015-06-25 14:39:18] EDIT thecore/views/default/index.html: 0
[2015-06-25 14:39:26] EDIT thecore/views/default/index.html: 0
[2015-06-25 14:40:49] EDIT thecore/views/blog/new_blog_post.html: 0
[2015-06-25 14:41:10] EDIT thecore/controllers/blog.py: 0
[2015-06-25 14:41:33] EDIT thecore/views/blog/new_blog_post.html: 0
[2015-06-25 14:42:20] EDIT thecore/views/blog/new_blog_post.html: 0
[2015-06-25 14:44:13] EDIT thecore/views/blog/new_blog_post.html: 1
[2015-06-25 14:44:29] EDIT thecore/views/blog/new_blog_post.html: -1
[2015-06-25 14:44:44] EDIT thecore/views/blog/index.html: 0
[2015-06-25 14:46:25] EDIT thecore/views/blog/index.html: 0
[2015-06-25 14:46:43] EDIT thecore/views/blog/index.html: 0
[2015-06-25 14:47:26] EDIT thecore/views/blog/index.html: 0
[2015-06-25 14:47:42] EDIT thecore/views/blog/index.html: 2
[2015-06-25 14:47:53] EDIT thecore/views/blog/index.html: 1
[2015-06-25 14:48:05] EDIT thecore/views/blog/index.html: -2
[2015-06-25 14:48:13] EDIT thecore/views/blog/index.html: 0
[2015-06-25 14:48:31] EDIT thecore/views/blog/index.html: 0
[2015-06-25 14:48:52] EDIT thecore/views/blog/index.html: 0
[2015-06-25 14:53:43] EDIT thecore/controllers/blog.py: 8
[2015-06-25 14:54:14] EDIT thecore/views/blog_sidebar.html: 1
[2015-06-25 14:54:32] EDIT thecore/controllers/blog.py: 0
[2015-06-25 14:54:34] EDIT thecore/controllers/blog.py: 0
[2015-06-25 14:55:32] EDIT thecore/views/blog_sidebar.html: 2
[2015-06-25 14:55:48] EDIT thecore/views/blog_sidebar.html: 0
[2015-06-25 14:56:00] EDIT thecore/views/blog_sidebar.html: 1
[2015-06-25 14:59:17] EDIT thecore/controllers/blog.py: 0
[2015-06-25 14:59:26] EDIT thecore/controllers/blog.py: 0
[2015-06-25 15:10:39] EDIT thecore/controllers/blog.py: 0
[2015-06-25 15:22:08] EDIT thecore/controllers/blog.py: 6
[2015-06-25 15:22:20] EDIT thecore/controllers/blog.py: 0
[2015-06-25 15:22:41] CREATE blog/edit_blog_post.html: 0
[2015-06-25 15:25:34] EDIT thecore/controllers/blog.py: 3
[2015-06-25 15:25:54] EDIT thecore/controllers/blog.py: 0
[2015-06-25 15:28:19] EDIT thecore/controllers/blog.py: 1
[2015-06-25 15:29:23] EDIT thecore/controllers/blog.py: 1
[2015-06-25 15:29:39] CREATE blog/view_blog_post.html: 0
[2015-06-25 15:31:53] EDIT thecore/controllers/blog.py: 0
[2015-06-25 15:31:57] EDIT thecore/controllers/blog.py: 0
[2015-06-25 15:33:28] EDIT thecore/views/blog/view_blog_post.html: 23
[2015-06-25 15:33:43] EDIT thecore/views/blog/view_blog_post.html: -1
[2015-06-25 15:34:35] EDIT thecore/views/blog/view_blog_post.html: -1
[2015-06-25 15:35:06] EDIT thecore/views/blog/view_blog_post.html: 0
[2015-06-25 15:37:23] EDIT thecore/views/blog/view_blog_post.html: 3
[2015-06-25 15:40:13] EDIT thecore/controllers/blog.py: 2
[2015-06-25 15:41:02] EDIT thecore/views/blog/view_blog_post.html: 1
[2015-06-25 15:41:45] EDIT thecore/views/blog/view_blog_post.html: 1
[2015-06-25 15:49:24] EDIT thecore/controllers/blog.py: 3
[2015-06-25 15:49:49] CREATE blog/user_posts.html: 0
[2015-06-25 15:49:58] EDIT thecore/views/blog/user_posts.html: 23
[2015-06-25 15:51:14] EDIT thecore/controllers/blog.py: 0
[2015-06-25 15:51:18] EDIT thecore/controllers/blog.py: 0
[2015-06-25 15:51:25] EDIT thecore/views/blog/user_posts.html: 0
[2015-06-25 15:51:32] EDIT thecore/controllers/blog.py: 1
[2015-06-25 15:52:04] EDIT thecore/controllers/blog.py: 1
[2015-06-25 15:52:37] EDIT thecore/views/blog/user_posts.html: 0
[2015-06-25 15:52:52] EDIT thecore/controllers/blog.py: 0
[2015-06-25 15:53:08] EDIT thecore/controllers/blog.py: 0
[2015-06-25 15:53:24] EDIT thecore/views/blog/user_posts.html: 0
[2015-06-25 16:25:14] EDIT thecore/controllers/blog.py: 7
[2015-06-25 16:25:33] EDIT thecore/controllers/blog.py: 1
[2015-06-25 16:26:07] EDIT thecore/views/blog_sidebar.html: 4
[2015-06-25 16:26:48] EDIT thecore/controllers/blog.py: 0
[2015-06-25 16:26:54] EDIT thecore/controllers/blog.py: 0
[2015-06-25 16:26:57] EDIT thecore/controllers/blog.py: -1
[2015-06-25 16:27:17] EDIT thecore/controllers/blog.py: 1
[2015-06-25 16:43:16] EDIT thecore/controllers/blog.py: 5
[2015-06-25 16:53:51] EDIT thecore/views/blog_sidebar.html: 0
[2015-06-25 16:56:50] EDIT thecore/controllers/blog.py: 0
[2015-06-25 16:57:40] EDIT thecore/controllers/blog.py: 0
[2015-06-25 17:00:11] EDIT thecore/controllers/blog.py: 0
[2015-06-25 17:01:09] EDIT thecore/views/blog_sidebar.html: 0
[2015-06-25 17:01:53] EDIT thecore/controllers/blog.py: 0
[2015-06-25 17:02:54] EDIT thecore/views/blog_sidebar.html: 0
[2015-06-25 17:04:49] EDIT thecore/views/blog_sidebar.html: 0
[2015-06-29 13:33:22] EDIT thecore_wales/views/default/index.html: 0
