timestamp: 2015-01-24T12:24:33.000874
CREATE TABLE auth_user(
    id INTEGER PRIMARY KEY AUTOINCREMENT,
    first_name CHAR(128),
    last_name CHAR(128),
    email CHAR(512),
    password CHAR(512),
    registration_key CHAR(512),
    reset_password_key CHAR(512),
    registration_id CHAR(512)
);
success!
timestamp: 2015-01-24T12:24:33.036056
CREATE TABLE auth_group(
    id INTEGER PRIMARY KEY AUTOINCREMENT,
    role CHAR(512),
    description TEXT
);
success!
timestamp: 2015-01-24T12:24:33.066864
CREATE TABLE auth_membership(
    id INTEGER PRIMARY KEY AUTOINCREMENT,
    user_id INTEGER REFERENCES auth_user (id) ON DELETE CASCADE,
    group_id INTEGER REFERENCES auth_group (id) ON DELETE CASCADE
);
success!
timestamp: 2015-01-24T12:24:33.103395
CREATE TABLE auth_permission(
    id INTEGER PRIMARY KEY AUTOINCREMENT,
    group_id INTEGER REFERENCES auth_group (id) ON DELETE CASCADE,
    name CHAR(512),
    table_name CHAR(512),
    record_id INTEGER
);
success!
timestamp: 2015-01-24T12:24:33.158800
CREATE TABLE auth_event(
    id INTEGER PRIMARY KEY AUTOINCREMENT,
    time_stamp TIMESTAMP,
    client_ip CHAR(512),
    user_id INTEGER REFERENCES auth_user (id) ON DELETE CASCADE,
    origin CHAR(512),
    description TEXT
);
success!
timestamp: 2015-01-24T12:24:33.188383
CREATE TABLE auth_cas(
    id INTEGER PRIMARY KEY AUTOINCREMENT,
    user_id INTEGER REFERENCES auth_user (id) ON DELETE CASCADE,
    created_on TIMESTAMP,
    service CHAR(512),
    ticket CHAR(512),
    renew CHAR(1)
);
success!
timestamp: 2015-05-04T16:51:19.199164
CREATE TABLE hospitals(
    id INTEGER PRIMARY KEY AUTOINCREMENT,
    hospital_name CHAR(512),
    hospital_code CHAR(3)
);
success!
timestamp: 2015-05-04T16:51:19.281300
CREATE TABLE access_keys(
    id INTEGER PRIMARY KEY AUTOINCREMENT,
    unique_key CHAR(6),
    key_active CHAR(1),
    access_level CHAR(512)
);
success!
timestamp: 2015-05-04T16:51:19.346987
ALTER TABLE auth_user ADD access_key CHAR(6);
timestamp: 2015-05-04T16:51:19.465831
ALTER TABLE auth_user ADD email_notifications CHAR(1);
timestamp: 2015-05-04T16:51:19.517395
ALTER TABLE auth_user ADD default_hospital INTEGER REFERENCES hospitals (id) ON DELETE CASCADE;
success!
timestamp: 2015-05-04T16:51:19.656323
CREATE TABLE session_types(
    id INTEGER PRIMARY KEY AUTOINCREMENT,
    session_type CHAR(512),
    is_active CHAR(1),
    created_on TIMESTAMP,
    created_by INTEGER REFERENCES auth_user (id) ON DELETE CASCADE,
    modified_on TIMESTAMP,
    modified_by INTEGER REFERENCES auth_user (id) ON DELETE CASCADE
);
success!
timestamp: 2015-05-04T16:51:19.707265
CREATE TABLE sessions(
    id INTEGER PRIMARY KEY AUTOINCREMENT,
    hospital INTEGER REFERENCES hospitals (id) ON DELETE CASCADE,
    session_type INTEGER REFERENCES session_types (id) ON DELETE CASCADE,
    session_lead INTEGER REFERENCES auth_user (id) ON DELETE CASCADE,
    title CHAR(512),
    description TEXT,
    session_location CHAR(512),
    start_datetime TIMESTAMP,
    duration INTEGER,
    max_attendees INTEGER,
    current_attendees INTEGER,
    attendee_ids TEXT,
    repeating CHAR(1),
    session_active CHAR(1),
    session_full CHAR(1),
    uuid CHAR(64),
    is_active CHAR(1),
    created_on TIMESTAMP,
    created_by INTEGER REFERENCES auth_user (id) ON DELETE CASCADE,
    modified_on TIMESTAMP,
    modified_by INTEGER REFERENCES auth_user (id) ON DELETE CASCADE
);
success!
timestamp: 2015-05-04T16:51:19.786219
CREATE TABLE feedback(
    id INTEGER PRIMARY KEY AUTOINCREMENT,
    session_id INTEGER REFERENCES sessions (id) ON DELETE CASCADE,
    user_id INTEGER REFERENCES auth_user (id) ON DELETE CASCADE,
    rate_interesting INTEGER,
    rate_relevance INTEGER,
    rate_teaching INTEGER,
    rate_overall INTEGER,
    rate_confidence INTEGER,
    positive_points TEXT,
    negative_points TEXT,
    improvements TEXT,
    is_active CHAR(1),
    created_on TIMESTAMP,
    created_by INTEGER REFERENCES auth_user (id) ON DELETE CASCADE,
    modified_on TIMESTAMP,
    modified_by INTEGER REFERENCES auth_user (id) ON DELETE CASCADE
);
success!
timestamp: 2015-06-25T10:31:40.109842
CREATE TABLE blog_posts(
    id INTEGER PRIMARY KEY AUTOINCREMENT,
    title CHAR(512),
    blog_content TEXT,
    tags TEXT,
    is_active CHAR(1),
    created_on TIMESTAMP,
    created_by INTEGER REFERENCES auth_user (id) ON DELETE CASCADE,
    modified_on TIMESTAMP,
    modified_by INTEGER REFERENCES auth_user (id) ON DELETE CASCADE
);
success!
timestamp: 2015-06-29T17:43:33.797327
CREATE TABLE reg_questionnaire(
    id INTEGER PRIMARY KEY AUTOINCREMENT,
    specialty CHAR(512),
    author CHAR(512),
    email CHAR(512),
    pursure_a_career TEXT,
    rotation_useful TEXT,
    enjoy_most TEXT,
    challenging_aspects TEXT,
    typical_patients TEXT,
    typical_day TEXT,
    typical_hours TEXT,
    part_time_training TEXT,
    teaching_research TEXT,
    advice TEXT
);
success!
timestamp: 2015-06-29T18:56:06.524756
ALTER TABLE reg_questionnaire ADD specialty_slug TEXT;
success!
success!
timestamp: 2015-06-29T19:48:03.823906
ALTER TABLE reg_questionnaire ADD modified_by INTEGER REFERENCES auth_user (id) ON DELETE CASCADE;
timestamp: 2015-06-29T19:48:03.828354
ALTER TABLE reg_questionnaire ADD is_active CHAR(1);
timestamp: 2015-06-29T19:48:03.831653
ALTER TABLE reg_questionnaire ADD created_by INTEGER REFERENCES auth_user (id) ON DELETE CASCADE;
timestamp: 2015-06-29T19:48:03.837394
ALTER TABLE reg_questionnaire ADD created_on TIMESTAMP;
timestamp: 2015-06-29T19:48:03.846235
ALTER TABLE reg_questionnaire ADD modified_on TIMESTAMP;
success!
